0 info it worked if it ends with ok
1 verbose cli [ '/usr/bin/node', '/usr/bin/npm', 'install' ]
2 info using npm@3.5.2
3 info using node@v8.10.0
4 silly loadCurrentTree Starting
5 silly install loadCurrentTree
6 silly install readLocalPackageData
7 silly install normalizeTree
8 silly loadCurrentTree Finishing
9 silly loadIdealTree Starting
10 silly install loadIdealTree
11 silly cloneCurrentTree Starting
12 silly install cloneCurrentTreeToIdealTree
13 silly cloneCurrentTree Finishing
14 silly loadShrinkwrap Starting
15 silly install loadShrinkwrap
16 silly loadShrinkwrap Finishing
17 silly loadAllDepsIntoIdealTree Starting
18 silly install loadAllDepsIntoIdealTree
19 silly fetchNamedPackageData fsevents
20 silly mapToRegistry name fsevents
21 silly mapToRegistry using default registry
22 silly mapToRegistry registry https://registry.npmjs.org/
23 silly mapToRegistry uri https://registry.npmjs.org/fsevents
24 verbose request uri https://registry.npmjs.org/fsevents
25 verbose request no auth needed
26 info attempt registry request try #1 at 11:21:49 AM
27 verbose request id 7ad586ae7521e78b
28 verbose etag W/"7bd58ac98a3418567904e2ad5cdfa393"
29 verbose lastModified Mon, 01 Apr 2019 13:51:10 GMT
30 http request GET https://registry.npmjs.org/fsevents
31 http 304 https://registry.npmjs.org/fsevents
32 verbose headers { date: 'Wed, 10 Apr 2019 09:21:49 GMT',
32 verbose headers   connection: 'keep-alive',
32 verbose headers   'set-cookie':
32 verbose headers    [ '__cfduid=d042d35d69198d06046de679d7d3c40151554888109; expires=Thu, 09-Apr-20 09:21:49 GMT; path=/; domain=.registry.npmjs.org; HttpOnly' ],
32 verbose headers   'cf-cache-status': 'HIT',
32 verbose headers   'cache-control': 'max-age=300',
32 verbose headers   'cf-ray': '4c53a71c8900a88d-CDG',
32 verbose headers   etag: '"7bd58ac98a3418567904e2ad5cdfa393"',
32 verbose headers   'expect-ct': 'max-age=604800, report-uri="https://report-uri.cloudflare.com/cdn-cgi/beacon/expect-ct"',
32 verbose headers   'last-modified': 'Mon, 01 Apr 2019 13:51:10 GMT',
32 verbose headers   vary: 'accept-encoding, accept',
32 verbose headers   'x-amz-meta-rev': '100-ec8e51500695259508ca437f63f26241',
32 verbose headers   server: 'cloudflare' }
33 silly get cb [ 304,
33 silly get   { date: 'Wed, 10 Apr 2019 09:21:49 GMT',
33 silly get     connection: 'keep-alive',
33 silly get     'set-cookie':
33 silly get      [ '__cfduid=d042d35d69198d06046de679d7d3c40151554888109; expires=Thu, 09-Apr-20 09:21:49 GMT; path=/; domain=.registry.npmjs.org; HttpOnly' ],
33 silly get     'cf-cache-status': 'HIT',
33 silly get     'cache-control': 'max-age=300',
33 silly get     'cf-ray': '4c53a71c8900a88d-CDG',
33 silly get     etag: '"7bd58ac98a3418567904e2ad5cdfa393"',
33 silly get     'expect-ct': 'max-age=604800, report-uri="https://report-uri.cloudflare.com/cdn-cgi/beacon/expect-ct"',
33 silly get     'last-modified': 'Mon, 01 Apr 2019 13:51:10 GMT',
33 silly get     vary: 'accept-encoding, accept',
33 silly get     'x-amz-meta-rev': '100-ec8e51500695259508ca437f63f26241',
33 silly get     server: 'cloudflare' } ]
34 verbose etag https://registry.npmjs.org/fsevents from cache
35 verbose get saving fsevents to /home/thomas/.npm/registry.npmjs.org/fsevents/.cache.json
36 silly resolveWithNewModule fsevents@1.2.7 checking installable status
37 silly loadAllDepsIntoIdealTree Finishing
38 silly idealTree:prePrune Badgeuse-intelligente@0.1.0
38 silly idealTree:prePrune ├── @opencensus/core@0.0.9
38 silly idealTree:prePrune ├─┬ @opencensus/propagation-b3@0.0.8
38 silly idealTree:prePrune │ └── @opencensus/core@0.0.8
38 silly idealTree:prePrune ├─┬ @pm2/agent-node@1.1.8
38 silly idealTree:prePrune │ └── ws@6.2.1
38 silly idealTree:prePrune ├── @pm2/agent@0.5.24
38 silly idealTree:prePrune ├─┬ @pm2/io@4.1.3
38 silly idealTree:prePrune │ ├── debug@3.1.0
38 silly idealTree:prePrune │ ├── ms@2.0.0
38 silly idealTree:prePrune │ └── semver@5.5.0
38 silly idealTree:prePrune ├─┬ @pm2/js-api@0.5.55
38 silly idealTree:prePrune │ ├── debug@2.6.9
38 silly idealTree:prePrune │ ├── eventemitter2@4.1.2
38 silly idealTree:prePrune │ ├── ms@2.0.0
38 silly idealTree:prePrune │ └── ws@3.3.3
38 silly idealTree:prePrune ├── @sindresorhus/is@0.14.0
38 silly idealTree:prePrune ├── @szmarczak/http-timer@1.1.2
38 silly idealTree:prePrune ├── @types/jspdf@1.3.0
38 silly idealTree:prePrune ├── @types/node@11.13.0
38 silly idealTree:prePrune ├── @types/socket.io@2.1.2
38 silly idealTree:prePrune ├── abbrev@1.1.1
38 silly idealTree:prePrune ├── accepts@1.3.5
38 silly idealTree:prePrune ├── after@0.8.2
38 silly idealTree:prePrune ├── agent-base@4.2.1
38 silly idealTree:prePrune ├── amp-message@0.1.2
38 silly idealTree:prePrune ├── amp@0.3.1
38 silly idealTree:prePrune ├── ansi-align@2.0.0
38 silly idealTree:prePrune ├── ansi-colors@3.2.3
38 silly idealTree:prePrune ├── ansi-regex@3.0.0
38 silly idealTree:prePrune ├── ansi-styles@3.2.1
38 silly idealTree:prePrune ├─┬ anymatch@2.0.0
38 silly idealTree:prePrune │ └── normalize-path@2.1.1
38 silly idealTree:prePrune ├── argparse@1.0.10
38 silly idealTree:prePrune ├── arr-diff@4.0.0
38 silly idealTree:prePrune ├── arr-flatten@1.1.0
38 silly idealTree:prePrune ├── arr-union@3.1.0
38 silly idealTree:prePrune ├── array-flatten@1.1.1
38 silly idealTree:prePrune ├── array-uniq@1.0.2
38 silly idealTree:prePrune ├── array-unique@0.3.2
38 silly idealTree:prePrune ├── arraybuffer.slice@0.0.7
38 silly idealTree:prePrune ├── assign-symbols@1.0.0
38 silly idealTree:prePrune ├── ast-types@0.12.3
38 silly idealTree:prePrune ├── async-each@1.0.2
38 silly idealTree:prePrune ├── async-limiter@1.0.0
38 silly idealTree:prePrune ├── async-listener@0.6.10
38 silly idealTree:prePrune ├── async@2.6.2
38 silly idealTree:prePrune ├── atob@2.1.2
38 silly idealTree:prePrune ├── axios@0.16.2
38 silly idealTree:prePrune ├── backo2@1.0.2
38 silly idealTree:prePrune ├── balanced-match@1.0.0
38 silly idealTree:prePrune ├─┬ base@0.11.2
38 silly idealTree:prePrune │ ├── define-property@1.0.0
38 silly idealTree:prePrune │ ├── is-accessor-descriptor@1.0.0
38 silly idealTree:prePrune │ ├── is-data-descriptor@1.0.0
38 silly idealTree:prePrune │ └── is-descriptor@1.0.2
38 silly idealTree:prePrune ├── base64-arraybuffer@0.1.5
38 silly idealTree:prePrune ├── base64id@1.0.0
38 silly idealTree:prePrune ├── better-assert@1.0.2
38 silly idealTree:prePrune ├── bignumber.js@4.1.0
38 silly idealTree:prePrune ├── binary-extensions@1.13.1
38 silly idealTree:prePrune ├── blessed@0.1.81
38 silly idealTree:prePrune ├── blob@0.0.5
38 silly idealTree:prePrune ├── bodec@0.1.0
38 silly idealTree:prePrune ├─┬ body-parser@1.18.3
38 silly idealTree:prePrune │ ├── debug@2.6.9
38 silly idealTree:prePrune │ └── ms@2.0.0
38 silly idealTree:prePrune ├─┬ boxen@1.3.0
38 silly idealTree:prePrune │ └── camelcase@4.1.0
38 silly idealTree:prePrune ├── brace-expansion@1.1.11
38 silly idealTree:prePrune ├─┬ braces@2.3.2
38 silly idealTree:prePrune │ └── extend-shallow@2.0.1
38 silly idealTree:prePrune ├── browser-stdout@1.3.1
38 silly idealTree:prePrune ├── buffer-equal-constant-time@1.0.1
38 silly idealTree:prePrune ├── buffer-from@1.1.1
38 silly idealTree:prePrune ├── busboy@0.2.14
38 silly idealTree:prePrune ├── bytes@3.0.0
38 silly idealTree:prePrune ├── cache-base@1.0.1
38 silly idealTree:prePrune ├── cacheable-request@6.0.0
38 silly idealTree:prePrune ├── callsite@1.0.0
38 silly idealTree:prePrune ├── camelcase@5.3.1
38 silly idealTree:prePrune ├── capture-stack-trace@1.0.1
38 silly idealTree:prePrune ├─┬ chalk@2.4.2
38 silly idealTree:prePrune │ └── supports-color@5.5.0
38 silly idealTree:prePrune ├── charenc@0.0.2
38 silly idealTree:prePrune ├── charm@0.1.2
38 silly idealTree:prePrune ├── chart.js@2.8.0
38 silly idealTree:prePrune ├── chartjs-color-string@0.6.0
38 silly idealTree:prePrune ├─┬ chartjs-color@2.3.0
38 silly idealTree:prePrune │ └── color-convert@0.5.3
38 silly idealTree:prePrune ├─┬ chokidar@2.1.5
38 silly idealTree:prePrune │ └── is-glob@4.0.1
38 silly idealTree:prePrune ├── ci-info@1.6.0
38 silly idealTree:prePrune ├─┬ class-utils@0.3.6
38 silly idealTree:prePrune │ └── define-property@0.2.5
38 silly idealTree:prePrune ├── cli-boxes@1.0.0
38 silly idealTree:prePrune ├─┬ cli-table-redemption@1.0.1
38 silly idealTree:prePrune │ ├── ansi-regex@2.1.1
38 silly idealTree:prePrune │ ├── ansi-styles@2.2.1
38 silly idealTree:prePrune │ ├── chalk@1.1.3
38 silly idealTree:prePrune │ ├── strip-ansi@3.0.1
38 silly idealTree:prePrune │ └── supports-color@2.0.0
38 silly idealTree:prePrune ├── cliui@4.1.0
38 silly idealTree:prePrune ├── clone-response@1.0.2
38 silly idealTree:prePrune ├── co@4.6.0
38 silly idealTree:prePrune ├── code-point-at@1.1.0
38 silly idealTree:prePrune ├── collection-visit@1.0.0
38 silly idealTree:prePrune ├── color-convert@1.9.3
38 silly idealTree:prePrune ├── color-name@1.1.3
38 silly idealTree:prePrune ├── commander@2.15.1
38 silly idealTree:prePrune ├── component-bind@1.0.0
38 silly idealTree:prePrune ├── component-emitter@1.2.1
38 silly idealTree:prePrune ├── component-inherit@0.0.3
38 silly idealTree:prePrune ├── concat-map@0.0.1
38 silly idealTree:prePrune ├── configstore@3.1.2
38 silly idealTree:prePrune ├── content-disposition@0.5.2
38 silly idealTree:prePrune ├── content-type@1.0.4
38 silly idealTree:prePrune ├── continuation-local-storage@3.2.1
38 silly idealTree:prePrune ├── cookie-signature@1.0.6
38 silly idealTree:prePrune ├── cookie@0.3.1
38 silly idealTree:prePrune ├── copy-descriptor@0.1.1
38 silly idealTree:prePrune ├── core-util-is@1.0.2
38 silly idealTree:prePrune ├── cors@2.8.5
38 silly idealTree:prePrune ├── create-error-class@3.0.2
38 silly idealTree:prePrune ├── cron@1.7.0
38 silly idealTree:prePrune ├── cross-spawn@6.0.5
38 silly idealTree:prePrune ├── crypt@0.0.2
38 silly idealTree:prePrune ├── crypto-random-string@1.0.0
38 silly idealTree:prePrune ├── culvert@0.1.2
38 silly idealTree:prePrune ├─┬ data-uri-to-buffer@2.0.1
38 silly idealTree:prePrune │ └── @types/node@8.10.45
38 silly idealTree:prePrune ├── date-diff@0.2.1
38 silly idealTree:prePrune ├── date-fns@1.30.1
38 silly idealTree:prePrune ├── debug@3.2.6
38 silly idealTree:prePrune ├── decamelize@1.2.0
38 silly idealTree:prePrune ├── decode-uri-component@0.2.0
38 silly idealTree:prePrune ├── decompress-response@3.3.0
38 silly idealTree:prePrune ├── deep-extend@0.6.0
38 silly idealTree:prePrune ├── deep-is@0.1.3
38 silly idealTree:prePrune ├── defer-to-connect@1.0.2
38 silly idealTree:prePrune ├── define-properties@1.1.3
38 silly idealTree:prePrune ├─┬ define-property@2.0.2
38 silly idealTree:prePrune │ ├── is-accessor-descriptor@1.0.0
38 silly idealTree:prePrune │ ├── is-data-descriptor@1.0.0
38 silly idealTree:prePrune │ └── is-descriptor@1.0.2
38 silly idealTree:prePrune ├─┬ degenerator@1.0.4
38 silly idealTree:prePrune │ └── esprima@3.1.3
38 silly idealTree:prePrune ├── depd@1.1.2
38 silly idealTree:prePrune ├── destroy@1.0.4
38 silly idealTree:prePrune ├── detect-file@1.0.0
38 silly idealTree:prePrune ├── dicer@0.2.5
38 silly idealTree:prePrune ├── diff@3.5.0
38 silly idealTree:prePrune ├── dns-packet@5.2.1
38 silly idealTree:prePrune ├── dns-socket@4.2.0
38 silly idealTree:prePrune ├── dot-prop@4.2.0
38 silly idealTree:prePrune ├── duplexer3@0.1.4
38 silly idealTree:prePrune ├── ecdsa-sig-formatter@1.0.11
38 silly idealTree:prePrune ├── ee-first@1.1.1
38 silly idealTree:prePrune ├── email-validator@2.0.4
38 silly idealTree:prePrune ├── emitter-listener@1.1.2
38 silly idealTree:prePrune ├── encodeurl@1.0.2
38 silly idealTree:prePrune ├── end-of-stream@1.4.1
38 silly idealTree:prePrune ├─┬ engine.io-client@3.3.2
38 silly idealTree:prePrune │ ├── debug@3.1.0
38 silly idealTree:prePrune │ ├── ms@2.0.0
38 silly idealTree:prePrune │ └── ws@6.1.4
38 silly idealTree:prePrune ├── engine.io-parser@2.1.3
38 silly idealTree:prePrune ├─┬ engine.io@3.3.2
38 silly idealTree:prePrune │ ├── debug@3.1.0
38 silly idealTree:prePrune │ ├── ms@2.0.0
38 silly idealTree:prePrune │ └── ws@6.1.4
38 silly idealTree:prePrune ├── es-abstract@1.13.0
38 silly idealTree:prePrune ├── es-to-primitive@1.2.0
38 silly idealTree:prePrune ├── es6-promise@4.2.6
38 silly idealTree:prePrune ├── es6-promisify@5.0.0
38 silly idealTree:prePrune ├── escape-html@1.0.3
38 silly idealTree:prePrune ├── escape-regexp@0.0.1
38 silly idealTree:prePrune ├── escape-string-regexp@1.0.5
38 silly idealTree:prePrune ├─┬ escodegen@1.11.1
38 silly idealTree:prePrune │ ├── esprima@3.1.3
38 silly idealTree:prePrune │ └── source-map@0.6.1
38 silly idealTree:prePrune ├── esprima@4.0.1
38 silly idealTree:prePrune ├── estraverse@4.2.0
38 silly idealTree:prePrune ├── esutils@2.0.2
38 silly idealTree:prePrune ├── etag@1.8.1
38 silly idealTree:prePrune ├── event-loop-inspector@1.2.2
38 silly idealTree:prePrune ├── eventemitter2@5.0.1
38 silly idealTree:prePrune ├── execa@1.0.0
38 silly idealTree:prePrune ├─┬ expand-brackets@2.1.4
38 silly idealTree:prePrune │ ├── debug@2.6.9
38 silly idealTree:prePrune │ ├── define-property@0.2.5
38 silly idealTree:prePrune │ ├── extend-shallow@2.0.1
38 silly idealTree:prePrune │ └── ms@2.0.0
38 silly idealTree:prePrune ├── expand-tilde@2.0.2
38 silly idealTree:prePrune ├── express-fileupload@1.1.4
38 silly idealTree:prePrune ├── express-list-endpoints@4.0.0
38 silly idealTree:prePrune ├─┬ express@4.16.4
38 silly idealTree:prePrune │ ├── debug@2.6.9
38 silly idealTree:prePrune │ ├── ms@2.0.0
38 silly idealTree:prePrune │ └── statuses@1.4.0
38 silly idealTree:prePrune ├─┬ extend-shallow@3.0.2
38 silly idealTree:prePrune │ └── is-extendable@1.0.1
38 silly idealTree:prePrune ├── extend@3.0.2
38 silly idealTree:prePrune ├─┬ extglob@2.0.4
38 silly idealTree:prePrune │ ├── define-property@1.0.0
38 silly idealTree:prePrune │ ├── extend-shallow@2.0.1
38 silly idealTree:prePrune │ ├── is-accessor-descriptor@1.0.0
38 silly idealTree:prePrune │ ├── is-data-descriptor@1.0.0
38 silly idealTree:prePrune │ └── is-descriptor@1.0.2
38 silly idealTree:prePrune ├── fast-levenshtein@2.0.6
38 silly idealTree:prePrune ├── fclone@1.0.11
38 silly idealTree:prePrune ├── file-uri-to-path@1.0.0
38 silly idealTree:prePrune ├─┬ fill-range@4.0.0
38 silly idealTree:prePrune │ └── extend-shallow@2.0.1
38 silly idealTree:prePrune ├─┬ finalhandler@1.1.1
38 silly idealTree:prePrune │ ├── debug@2.6.9
38 silly idealTree:prePrune │ ├── ms@2.0.0
38 silly idealTree:prePrune │ └── statuses@1.4.0
38 silly idealTree:prePrune ├── find-up@3.0.0
38 silly idealTree:prePrune ├── findup-sync@2.0.0
38 silly idealTree:prePrune ├─┬ flat@4.1.0
38 silly idealTree:prePrune │ └── is-buffer@2.0.3
38 silly idealTree:prePrune ├── follow-redirects@1.7.0
38 silly idealTree:prePrune ├── for-in@1.0.2
38 silly idealTree:prePrune ├── forwarded@0.1.2
38 silly idealTree:prePrune ├── fragment-cache@0.2.1
38 silly idealTree:prePrune ├── fresh@0.5.2
38 silly idealTree:prePrune ├── fs.realpath@1.0.0
38 silly idealTree:prePrune ├── ftp@0.3.10
38 silly idealTree:prePrune ├── function-bind@1.1.1
38 silly idealTree:prePrune ├── get-caller-file@1.0.3
38 silly idealTree:prePrune ├── get-stream@4.1.0
38 silly idealTree:prePrune ├─┬ get-uri@2.0.3
38 silly idealTree:prePrune │ ├── debug@4.1.1
38 silly idealTree:prePrune │ ├── readable-stream@3.3.0
38 silly idealTree:prePrune │ └── string_decoder@1.2.0
38 silly idealTree:prePrune ├── get-value@2.0.6
38 silly idealTree:prePrune ├── git-node-fs@1.0.0
38 silly idealTree:prePrune ├── git-sha1@0.1.2
38 silly idealTree:prePrune ├── gkt@1.0.0
38 silly idealTree:prePrune ├── glob-parent@3.1.0
38 silly idealTree:prePrune ├── glob@7.1.3
38 silly idealTree:prePrune ├── global-dirs@0.1.1
38 silly idealTree:prePrune ├── global-modules@1.0.0
38 silly idealTree:prePrune ├── global-prefix@1.0.2
38 silly idealTree:prePrune ├─┬ got@6.7.1
38 silly idealTree:prePrune │ └── get-stream@3.0.0
38 silly idealTree:prePrune ├── graceful-fs@4.1.15
38 silly idealTree:prePrune ├── growl@1.10.5
38 silly idealTree:prePrune ├─┬ has-ansi@2.0.0
38 silly idealTree:prePrune │ └── ansi-regex@2.1.1
38 silly idealTree:prePrune ├─┬ has-binary2@1.0.3
38 silly idealTree:prePrune │ └── isarray@2.0.1
38 silly idealTree:prePrune ├── has-cors@1.1.0
38 silly idealTree:prePrune ├── has-flag@3.0.0
38 silly idealTree:prePrune ├── has-symbols@1.0.0
38 silly idealTree:prePrune ├── has-value@1.0.0
38 silly idealTree:prePrune ├─┬ has-values@1.0.0
38 silly idealTree:prePrune │ └── kind-of@4.0.0
38 silly idealTree:prePrune ├── has@1.0.3
38 silly idealTree:prePrune ├── he@1.2.0
38 silly idealTree:prePrune ├── homedir-polyfill@1.0.3
38 silly idealTree:prePrune ├── html-entities@1.2.1
38 silly idealTree:prePrune ├── http-cache-semantics@4.0.3
38 silly idealTree:prePrune ├── http-errors@1.6.3
38 silly idealTree:prePrune ├─┬ http-proxy-agent@2.1.0
38 silly idealTree:prePrune │ ├── debug@3.1.0
38 silly idealTree:prePrune │ └── ms@2.0.0
38 silly idealTree:prePrune ├── http-status-codes@1.3.2
38 silly idealTree:prePrune ├── https-proxy-agent@2.2.1
38 silly idealTree:prePrune ├── iconv-lite@0.4.23
38 silly idealTree:prePrune ├── ignore-by-default@1.0.1
38 silly idealTree:prePrune ├── import-lazy@2.1.0
38 silly idealTree:prePrune ├── imurmurhash@0.1.4
38 silly idealTree:prePrune ├── indexof@0.0.1
38 silly idealTree:prePrune ├── inflight@1.0.6
38 silly idealTree:prePrune ├── inherits@2.0.3
38 silly idealTree:prePrune ├── ini@1.3.5
38 silly idealTree:prePrune ├── interpret@1.2.0
38 silly idealTree:prePrune ├── invert-kv@2.0.0
38 silly idealTree:prePrune ├── ip-regex@2.1.0
38 silly idealTree:prePrune ├── ip@1.1.5
38 silly idealTree:prePrune ├── ipaddr.js@1.8.0
38 silly idealTree:prePrune ├─┬ is-accessor-descriptor@0.1.6
38 silly idealTree:prePrune │ └── kind-of@3.2.2
38 silly idealTree:prePrune ├── is-binary-path@1.0.1
38 silly idealTree:prePrune ├── is-buffer@1.1.6
38 silly idealTree:prePrune ├── is-callable@1.1.4
38 silly idealTree:prePrune ├── is-ci@1.2.1
38 silly idealTree:prePrune ├─┬ is-data-descriptor@0.1.4
38 silly idealTree:prePrune │ └── kind-of@3.2.2
38 silly idealTree:prePrune ├── is-date-format@0.1.1
38 silly idealTree:prePrune ├── is-date-object@1.0.1
38 silly idealTree:prePrune ├─┬ is-descriptor@0.1.6
38 silly idealTree:prePrune │ └── kind-of@5.1.0
38 silly idealTree:prePrune ├── is-extendable@0.1.1
38 silly idealTree:prePrune ├── is-extglob@2.1.1
38 silly idealTree:prePrune ├── is-fullwidth-code-point@2.0.0
38 silly idealTree:prePrune ├── is-glob@3.1.0
38 silly idealTree:prePrune ├── is-installed-globally@0.1.0
38 silly idealTree:prePrune ├── is-ip@2.0.0
38 silly idealTree:prePrune ├── is-npm@1.0.0
38 silly idealTree:prePrune ├─┬ is-number@3.0.0
38 silly idealTree:prePrune │ └── kind-of@3.2.2
38 silly idealTree:prePrune ├── is-obj@1.0.1
38 silly idealTree:prePrune ├── is-path-inside@1.0.1
38 silly idealTree:prePrune ├── is-plain-object@2.0.4
38 silly idealTree:prePrune ├── is-redirect@1.0.0
38 silly idealTree:prePrune ├── is-regex@1.0.4
38 silly idealTree:prePrune ├── is-retry-allowed@1.1.0
38 silly idealTree:prePrune ├── is-stream@1.1.0
38 silly idealTree:prePrune ├── is-symbol@1.0.2
38 silly idealTree:prePrune ├── is-windows@1.0.2
38 silly idealTree:prePrune ├── isarray@1.0.0
38 silly idealTree:prePrune ├── isexe@2.0.0
38 silly idealTree:prePrune ├── isobject@3.0.1
38 silly idealTree:prePrune ├── js-git@0.7.8
38 silly idealTree:prePrune ├── js-yaml@3.12.0
38 silly idealTree:prePrune ├── json-buffer@3.0.0
38 silly idealTree:prePrune ├── jsonwebtoken@8.5.1
38 silly idealTree:prePrune ├── jwa@1.4.1
38 silly idealTree:prePrune ├── jws@3.2.2
38 silly idealTree:prePrune ├── keyv@3.1.0
38 silly idealTree:prePrune ├── kind-of@6.0.2
38 silly idealTree:prePrune ├── latest-version@3.1.0
38 silly idealTree:prePrune ├── lazy@1.0.11
38 silly idealTree:prePrune ├── lcid@2.0.0
38 silly idealTree:prePrune ├── levn@0.3.0
38 silly idealTree:prePrune ├── locate-path@3.0.0
38 silly idealTree:prePrune ├── lodash.findindex@4.6.0
38 silly idealTree:prePrune ├── lodash.foreach@4.5.0
38 silly idealTree:prePrune ├── lodash.get@4.4.2
38 silly idealTree:prePrune ├── lodash.includes@4.3.0
38 silly idealTree:prePrune ├── lodash.isboolean@3.0.3
38 silly idealTree:prePrune ├── lodash.isinteger@4.0.4
38 silly idealTree:prePrune ├── lodash.isnumber@3.0.3
38 silly idealTree:prePrune ├── lodash.isplainobject@4.0.6
38 silly idealTree:prePrune ├── lodash.isstring@4.0.1
38 silly idealTree:prePrune ├── lodash.last@3.0.0
38 silly idealTree:prePrune ├── lodash.once@4.1.1
38 silly idealTree:prePrune ├── lodash@4.17.11
38 silly idealTree:prePrune ├── log-driver@1.2.7
38 silly idealTree:prePrune ├── log-symbols@2.2.0
38 silly idealTree:prePrune ├── lowercase-keys@1.0.1
38 silly idealTree:prePrune ├── lru-cache@4.1.5
38 silly idealTree:prePrune ├── make-dir@1.3.0
38 silly idealTree:prePrune ├── map-age-cleaner@0.1.3
38 silly idealTree:prePrune ├── map-cache@0.2.2
38 silly idealTree:prePrune ├── map-visit@1.0.0
38 silly idealTree:prePrune ├── media-typer@0.3.0
38 silly idealTree:prePrune ├── mem@4.3.0
38 silly idealTree:prePrune ├── merge-descriptors@1.0.1
38 silly idealTree:prePrune ├── methods@1.1.2
38 silly idealTree:prePrune ├── micromatch@3.1.10
38 silly idealTree:prePrune ├── mime-db@1.38.0
38 silly idealTree:prePrune ├── mime-types@2.1.22
38 silly idealTree:prePrune ├── mime@1.4.1
38 silly idealTree:prePrune ├── mimic-fn@2.1.0
38 silly idealTree:prePrune ├── mimic-response@1.0.1
38 silly idealTree:prePrune ├── minimatch@3.0.4
38 silly idealTree:prePrune ├── minimist@0.0.8
38 silly idealTree:prePrune ├─┬ mixin-deep@1.3.1
38 silly idealTree:prePrune │ └── is-extendable@1.0.1
38 silly idealTree:prePrune ├── mkdirp@0.5.1
38 silly idealTree:prePrune ├── mocha@6.0.2
38 silly idealTree:prePrune ├── module-details-from-path@1.0.3
38 silly idealTree:prePrune ├── moment-timezone@0.5.23
38 silly idealTree:prePrune ├── moment@2.24.0
38 silly idealTree:prePrune ├── ms@2.1.1
38 silly idealTree:prePrune ├── mute-stream@0.0.8
38 silly idealTree:prePrune ├─┬ mysql@2.16.0
38 silly idealTree:prePrune │ ├── readable-stream@2.3.6
38 silly idealTree:prePrune │ └── string_decoder@1.1.1
38 silly idealTree:prePrune ├── nanomatch@1.2.13
38 silly idealTree:prePrune ├─┬ needle@2.2.4
38 silly idealTree:prePrune │ ├── debug@2.6.9
38 silly idealTree:prePrune │ └── ms@2.0.0
38 silly idealTree:prePrune ├── negotiator@0.6.1
38 silly idealTree:prePrune ├── netmask@1.0.6
38 silly idealTree:prePrune ├── nice-try@1.0.5
38 silly idealTree:prePrune ├── node-environment-flags@1.0.4
38 silly idealTree:prePrune ├─┬ nodemon@1.18.10
38 silly idealTree:prePrune │ └── supports-color@5.5.0
38 silly idealTree:prePrune ├── nopt@1.0.10
38 silly idealTree:prePrune ├── normalize-path@3.0.0
38 silly idealTree:prePrune ├── normalize-url@3.3.0
38 silly idealTree:prePrune ├── npm-run-path@2.0.2
38 silly idealTree:prePrune ├─┬ nssocket@0.6.0
38 silly idealTree:prePrune │ └── eventemitter2@0.4.14
38 silly idealTree:prePrune ├── number-is-nan@1.0.1
38 silly idealTree:prePrune ├── object-assign@4.1.1
38 silly idealTree:prePrune ├── object-component@0.0.3
38 silly idealTree:prePrune ├─┬ object-copy@0.1.0
38 silly idealTree:prePrune │ ├── define-property@0.2.5
38 silly idealTree:prePrune │ └── kind-of@3.2.2
38 silly idealTree:prePrune ├── object-keys@1.1.0
38 silly idealTree:prePrune ├── object-visit@1.0.1
38 silly idealTree:prePrune ├── object.assign@4.1.0
38 silly idealTree:prePrune ├── object.getownpropertydescriptors@2.0.3
38 silly idealTree:prePrune ├── object.pick@1.3.0
38 silly idealTree:prePrune ├── on-finished@2.3.0
38 silly idealTree:prePrune ├── once@1.4.0
38 silly idealTree:prePrune ├── optionator@0.8.2
38 silly idealTree:prePrune ├── os-locale@3.1.0
38 silly idealTree:prePrune ├── p-cancelable@1.1.0
38 silly idealTree:prePrune ├── p-defer@1.0.0
38 silly idealTree:prePrune ├── p-finally@1.0.0
38 silly idealTree:prePrune ├── p-is-promise@2.0.0
38 silly idealTree:prePrune ├── p-limit@2.2.0
38 silly idealTree:prePrune ├── p-locate@3.0.0
38 silly idealTree:prePrune ├── p-try@2.2.0
38 silly idealTree:prePrune ├── pac-proxy-agent@3.0.0
38 silly idealTree:prePrune ├── pac-resolver@3.0.0
38 silly idealTree:prePrune ├── package-json@4.0.1
38 silly idealTree:prePrune ├── pako@0.2.9
38 silly idealTree:prePrune ├── parse-passwd@1.0.0
38 silly idealTree:prePrune ├── parseqs@0.0.5
38 silly idealTree:prePrune ├── parseuri@0.0.5
38 silly idealTree:prePrune ├── parseurl@1.3.2
38 silly idealTree:prePrune ├── pascalcase@0.1.1
38 silly idealTree:prePrune ├── path-dirname@1.0.2
38 silly idealTree:prePrune ├── path-exists@3.0.0
38 silly idealTree:prePrune ├── path-is-absolute@1.0.1
38 silly idealTree:prePrune ├── path-is-inside@1.0.2
38 silly idealTree:prePrune ├── path-key@2.0.1
38 silly idealTree:prePrune ├── path-parse@1.0.6
38 silly idealTree:prePrune ├── path-to-regexp@0.1.7
38 silly idealTree:prePrune ├── path@0.12.7
38 silly idealTree:prePrune ├── pidusage@2.0.17
38 silly idealTree:prePrune ├── pify@3.0.0
38 silly idealTree:prePrune ├── pm2-axon-rpc@0.5.1
38 silly idealTree:prePrune ├── pm2-axon@3.3.0
38 silly idealTree:prePrune ├── pm2-deploy@0.4.0
38 silly idealTree:prePrune ├── pm2-multimeter@0.1.2
38 silly idealTree:prePrune ├─┬ pm2@3.5.0
38 silly idealTree:prePrune │ └── sprintf-js@1.1.1
38 silly idealTree:prePrune ├── posix-character-classes@0.1.1
38 silly idealTree:prePrune ├── prelude-ls@1.1.2
38 silly idealTree:prePrune ├── prepend-http@1.0.4
38 silly idealTree:prePrune ├── process-nextick-args@2.0.0
38 silly idealTree:prePrune ├── process@0.11.10
38 silly idealTree:prePrune ├── promptly@2.2.0
38 silly idealTree:prePrune ├── proxy-addr@2.0.4
38 silly idealTree:prePrune ├── proxy-agent@3.1.0
38 silly idealTree:prePrune ├── proxy-from-env@1.0.0
38 silly idealTree:prePrune ├── pseudomap@1.0.2
38 silly idealTree:prePrune ├── pstree.remy@1.1.6
38 silly idealTree:prePrune ├─┬ public-ip@3.0.0
38 silly idealTree:prePrune │ ├── got@9.6.0
38 silly idealTree:prePrune │ ├── prepend-http@2.0.0
38 silly idealTree:prePrune │ └── url-parse-lax@3.0.0
38 silly idealTree:prePrune ├── pump@3.0.0
38 silly idealTree:prePrune ├── qs@6.5.2
38 silly idealTree:prePrune ├── randomstring@1.1.5
38 silly idealTree:prePrune ├── range-parser@1.2.0
38 silly idealTree:prePrune ├── raw-body@2.3.3
38 silly idealTree:prePrune ├─┬ rc@1.2.8
38 silly idealTree:prePrune │ └── minimist@1.2.0
38 silly idealTree:prePrune ├── read-file@0.2.0
38 silly idealTree:prePrune ├── read@1.0.7
38 silly idealTree:prePrune ├─┬ readable-stream@1.1.14
38 silly idealTree:prePrune │ └── isarray@0.0.1
38 silly idealTree:prePrune ├─┬ readdirp@2.2.1
38 silly idealTree:prePrune │ ├── readable-stream@2.3.6
38 silly idealTree:prePrune │ └── string_decoder@1.1.1
38 silly idealTree:prePrune ├── rechoir@0.6.2
38 silly idealTree:prePrune ├── regex-not@1.0.2
38 silly idealTree:prePrune ├── registry-auth-token@3.4.0
38 silly idealTree:prePrune ├── registry-url@3.1.0
38 silly idealTree:prePrune ├── remove-trailing-separator@1.1.0
38 silly idealTree:prePrune ├── repeat-element@1.1.3
38 silly idealTree:prePrune ├── repeat-string@1.6.1
38 silly idealTree:prePrune ├── require-directory@2.1.1
38 silly idealTree:prePrune ├── require-in-the-middle@3.0.0
38 silly idealTree:prePrune ├── require-main-filename@1.0.1
38 silly idealTree:prePrune ├── resolve-dir@1.0.1
38 silly idealTree:prePrune ├── resolve-url@0.2.1
38 silly idealTree:prePrune ├── resolve@1.10.0
38 silly idealTree:prePrune ├── responselike@1.0.2
38 silly idealTree:prePrune ├── ret@0.1.15
38 silly idealTree:prePrune ├── safe-buffer@5.1.2
38 silly idealTree:prePrune ├── safe-regex@1.1.0
38 silly idealTree:prePrune ├── safer-buffer@2.1.2
38 silly idealTree:prePrune ├── sax@1.2.4
38 silly idealTree:prePrune ├── semver-diff@2.1.0
38 silly idealTree:prePrune ├── semver@5.7.0
38 silly idealTree:prePrune ├─┬ send@0.16.2
38 silly idealTree:prePrune │ ├── debug@2.6.9
38 silly idealTree:prePrune │ ├── ms@2.0.0
38 silly idealTree:prePrune │ └── statuses@1.4.0
38 silly idealTree:prePrune ├── serve-static@1.13.2
38 silly idealTree:prePrune ├── set-blocking@2.0.0
38 silly idealTree:prePrune ├─┬ set-value@2.0.0
38 silly idealTree:prePrune │ └── extend-shallow@2.0.1
38 silly idealTree:prePrune ├── setprototypeof@1.1.0
38 silly idealTree:prePrune ├── sha1@1.1.1
38 silly idealTree:prePrune ├── shebang-command@1.2.0
38 silly idealTree:prePrune ├── shebang-regex@1.0.0
38 silly idealTree:prePrune ├── shelljs@0.8.3
38 silly idealTree:prePrune ├── shimmer@1.2.1
38 silly idealTree:prePrune ├── signal-exit@3.0.2
38 silly idealTree:prePrune ├── smart-buffer@4.0.2
38 silly idealTree:prePrune ├─┬ snapdragon-node@2.1.1
38 silly idealTree:prePrune │ ├── define-property@1.0.0
38 silly idealTree:prePrune │ ├── is-accessor-descriptor@1.0.0
38 silly idealTree:prePrune │ ├── is-data-descriptor@1.0.0
38 silly idealTree:prePrune │ └── is-descriptor@1.0.2
38 silly idealTree:prePrune ├─┬ snapdragon-util@3.0.1
38 silly idealTree:prePrune │ └── kind-of@3.2.2
38 silly idealTree:prePrune ├─┬ snapdragon@0.8.2
38 silly idealTree:prePrune │ ├── debug@2.6.9
38 silly idealTree:prePrune │ ├── define-property@0.2.5
38 silly idealTree:prePrune │ ├── extend-shallow@2.0.1
38 silly idealTree:prePrune │ └── ms@2.0.0
38 silly idealTree:prePrune ├── socket.io-adapter@1.1.1
38 silly idealTree:prePrune ├─┬ socket.io-client@2.2.0
38 silly idealTree:prePrune │ ├── debug@3.1.0
38 silly idealTree:prePrune │ └── ms@2.0.0
38 silly idealTree:prePrune ├─┬ socket.io-parser@3.3.0
38 silly idealTree:prePrune │ ├── debug@3.1.0
38 silly idealTree:prePrune │ ├── isarray@2.0.1
38 silly idealTree:prePrune │ └── ms@2.0.0
38 silly idealTree:prePrune ├─┬ socket.io@2.2.0
38 silly idealTree:prePrune │ └── debug@4.1.1
38 silly idealTree:prePrune ├── socks-proxy-agent@4.0.2
38 silly idealTree:prePrune ├── socks@2.3.2
38 silly idealTree:prePrune ├── source-map-resolve@0.5.2
38 silly idealTree:prePrune ├─┬ source-map-support@0.5.11
38 silly idealTree:prePrune │ └── source-map@0.6.1
38 silly idealTree:prePrune ├── source-map-url@0.4.0
38 silly idealTree:prePrune ├── source-map@0.5.7
38 silly idealTree:prePrune ├── split-string@3.1.0
38 silly idealTree:prePrune ├── sprintf-js@1.0.3
38 silly idealTree:prePrune ├── sqlstring@2.3.1
38 silly idealTree:prePrune ├─┬ static-extend@0.1.2
38 silly idealTree:prePrune │ └── define-property@0.2.5
38 silly idealTree:prePrune ├── statuses@1.5.0
38 silly idealTree:prePrune ├── streamsearch@0.1.2
38 silly idealTree:prePrune ├── string_decoder@0.10.31
38 silly idealTree:prePrune ├── string-width@2.1.1
38 silly idealTree:prePrune ├── strip-ansi@4.0.0
38 silly idealTree:prePrune ├── strip-eof@1.0.0
38 silly idealTree:prePrune ├── strip-json-comments@2.0.1
38 silly idealTree:prePrune ├── supports-color@6.0.0
38 silly idealTree:prePrune ├─┬ term-size@1.2.0
38 silly idealTree:prePrune │ ├── cross-spawn@5.1.0
38 silly idealTree:prePrune │ ├── execa@0.7.0
38 silly idealTree:prePrune │ └── get-stream@3.0.0
38 silly idealTree:prePrune ├── thunkify@2.1.2
38 silly idealTree:prePrune ├── timed-out@4.0.1
38 silly idealTree:prePrune ├── to-array@0.1.4
38 silly idealTree:prePrune ├─┬ to-object-path@0.3.0
38 silly idealTree:prePrune │ └── kind-of@3.2.2
38 silly idealTree:prePrune ├── to-readable-stream@1.0.0
38 silly idealTree:prePrune ├── to-regex-range@2.1.1
38 silly idealTree:prePrune ├── to-regex@3.0.2
38 silly idealTree:prePrune ├── touch@3.1.0
38 silly idealTree:prePrune ├── tslib@1.9.3
38 silly idealTree:prePrune ├── tv4@1.3.0
38 silly idealTree:prePrune ├── type-check@0.3.2
38 silly idealTree:prePrune ├── type-is@1.6.16
38 silly idealTree:prePrune ├── ultron@1.1.1
38 silly idealTree:prePrune ├─┬ undefsafe@2.0.2
38 silly idealTree:prePrune │ ├── debug@2.6.9
38 silly idealTree:prePrune │ └── ms@2.0.0
38 silly idealTree:prePrune ├─┬ union-value@1.0.0
38 silly idealTree:prePrune │ ├── extend-shallow@2.0.1
38 silly idealTree:prePrune │ └── set-value@0.4.3
38 silly idealTree:prePrune ├── unique-string@1.0.0
38 silly idealTree:prePrune ├── unpipe@1.0.0
38 silly idealTree:prePrune ├─┬ unset-value@1.0.0
38 silly idealTree:prePrune │ ├─┬ has-value@0.3.1
38 silly idealTree:prePrune │ │ └── isobject@2.1.0
38 silly idealTree:prePrune │ └── has-values@0.1.4
38 silly idealTree:prePrune ├── unzip-response@2.0.1
38 silly idealTree:prePrune ├── upath@1.1.2
38 silly idealTree:prePrune ├── update-notifier@2.5.0
38 silly idealTree:prePrune ├── urix@0.1.0
38 silly idealTree:prePrune ├── url-parse-lax@1.0.0
38 silly idealTree:prePrune ├── use@3.1.1
38 silly idealTree:prePrune ├── util-deprecate@1.0.2
38 silly idealTree:prePrune ├── util@0.10.4
38 silly idealTree:prePrune ├── utils-merge@1.0.1
38 silly idealTree:prePrune ├── uuid@3.3.2
38 silly idealTree:prePrune ├── v8-compile-cache@2.0.2
38 silly idealTree:prePrune ├── vary@1.1.2
38 silly idealTree:prePrune ├─┬ vizion@2.0.2
38 silly idealTree:prePrune │ └── async@2.6.1
38 silly idealTree:prePrune ├── which-module@2.0.0
38 silly idealTree:prePrune ├── which@1.3.1
38 silly idealTree:prePrune ├── wide-align@1.1.3
38 silly idealTree:prePrune ├── widest-line@2.0.1
38 silly idealTree:prePrune ├── wordwrap@1.0.0
38 silly idealTree:prePrune ├─┬ wrap-ansi@2.1.0
38 silly idealTree:prePrune │ ├── ansi-regex@2.1.1
38 silly idealTree:prePrune │ ├── is-fullwidth-code-point@1.0.0
38 silly idealTree:prePrune │ ├── string-width@1.0.2
38 silly idealTree:prePrune │ └── strip-ansi@3.0.1
38 silly idealTree:prePrune ├── wrappy@1.0.2
38 silly idealTree:prePrune ├── write-file-atomic@2.4.2
38 silly idealTree:prePrune ├── ws@5.2.2
38 silly idealTree:prePrune ├── xdg-basedir@3.0.0
38 silly idealTree:prePrune ├── xmlhttprequest-ssl@1.5.5
38 silly idealTree:prePrune ├── xregexp@2.0.0
38 silly idealTree:prePrune ├── y18n@4.0.0
38 silly idealTree:prePrune ├── yallist@2.1.2
38 silly idealTree:prePrune ├── yamljs@0.3.0
38 silly idealTree:prePrune ├── yargs-parser@11.1.1
38 silly idealTree:prePrune ├── yargs-unparser@1.5.0
38 silly idealTree:prePrune ├── yargs@12.0.5
38 silly idealTree:prePrune └── yeast@0.1.2
39 silly loadIdealTree Finishing
40 silly currentTree Badgeuse-intelligente@0.1.0
40 silly currentTree ├── @opencensus/core@0.0.9
40 silly currentTree ├─┬ @opencensus/propagation-b3@0.0.8
40 silly currentTree │ └── @opencensus/core@0.0.8
40 silly currentTree ├─┬ @pm2/agent-node@1.1.8
40 silly currentTree │ └── ws@6.2.1
40 silly currentTree ├── @pm2/agent@0.5.24
40 silly currentTree ├─┬ @pm2/io@4.1.3
40 silly currentTree │ ├── debug@3.1.0
40 silly currentTree │ ├── ms@2.0.0
40 silly currentTree │ └── semver@5.5.0
40 silly currentTree ├─┬ @pm2/js-api@0.5.55
40 silly currentTree │ ├── debug@2.6.9
40 silly currentTree │ ├── eventemitter2@4.1.2
40 silly currentTree │ ├── ms@2.0.0
40 silly currentTree │ └── ws@3.3.3
40 silly currentTree ├── @sindresorhus/is@0.14.0
40 silly currentTree ├── @szmarczak/http-timer@1.1.2
40 silly currentTree ├── @types/jspdf@1.3.0
40 silly currentTree ├── @types/node@11.13.0
40 silly currentTree ├── @types/socket.io@2.1.2
40 silly currentTree ├── abbrev@1.1.1
40 silly currentTree ├── accepts@1.3.5
40 silly currentTree ├── after@0.8.2
40 silly currentTree ├── agent-base@4.2.1
40 silly currentTree ├── amp-message@0.1.2
40 silly currentTree ├── amp@0.3.1
40 silly currentTree ├── ansi-align@2.0.0
40 silly currentTree ├── ansi-colors@3.2.3
40 silly currentTree ├── ansi-regex@3.0.0
40 silly currentTree ├── ansi-styles@3.2.1
40 silly currentTree ├─┬ anymatch@2.0.0
40 silly currentTree │ └── normalize-path@2.1.1
40 silly currentTree ├── argparse@1.0.10
40 silly currentTree ├── arr-diff@4.0.0
40 silly currentTree ├── arr-flatten@1.1.0
40 silly currentTree ├── arr-union@3.1.0
40 silly currentTree ├── array-flatten@1.1.1
40 silly currentTree ├── array-uniq@1.0.2
40 silly currentTree ├── array-unique@0.3.2
40 silly currentTree ├── arraybuffer.slice@0.0.7
40 silly currentTree ├── assign-symbols@1.0.0
40 silly currentTree ├── ast-types@0.12.3
40 silly currentTree ├── async-each@1.0.2
40 silly currentTree ├── async-limiter@1.0.0
40 silly currentTree ├── async-listener@0.6.10
40 silly currentTree ├── async@2.6.2
40 silly currentTree ├── atob@2.1.2
40 silly currentTree ├── axios@0.16.2
40 silly currentTree ├── backo2@1.0.2
40 silly currentTree ├── balanced-match@1.0.0
40 silly currentTree ├─┬ base@0.11.2
40 silly currentTree │ ├── define-property@1.0.0
40 silly currentTree │ ├── is-accessor-descriptor@1.0.0
40 silly currentTree │ ├── is-data-descriptor@1.0.0
40 silly currentTree │ └── is-descriptor@1.0.2
40 silly currentTree ├── base64-arraybuffer@0.1.5
40 silly currentTree ├── base64id@1.0.0
40 silly currentTree ├── better-assert@1.0.2
40 silly currentTree ├── bignumber.js@4.1.0
40 silly currentTree ├── binary-extensions@1.13.1
40 silly currentTree ├── blessed@0.1.81
40 silly currentTree ├── blob@0.0.5
40 silly currentTree ├── bodec@0.1.0
40 silly currentTree ├─┬ body-parser@1.18.3
40 silly currentTree │ ├── debug@2.6.9
40 silly currentTree │ └── ms@2.0.0
40 silly currentTree ├─┬ boxen@1.3.0
40 silly currentTree │ └── camelcase@4.1.0
40 silly currentTree ├── brace-expansion@1.1.11
40 silly currentTree ├─┬ braces@2.3.2
40 silly currentTree │ └── extend-shallow@2.0.1
40 silly currentTree ├── browser-stdout@1.3.1
40 silly currentTree ├── buffer-equal-constant-time@1.0.1
40 silly currentTree ├── buffer-from@1.1.1
40 silly currentTree ├── busboy@0.2.14
40 silly currentTree ├── bytes@3.0.0
40 silly currentTree ├── cache-base@1.0.1
40 silly currentTree ├── cacheable-request@6.0.0
40 silly currentTree ├── callsite@1.0.0
40 silly currentTree ├── camelcase@5.3.1
40 silly currentTree ├── capture-stack-trace@1.0.1
40 silly currentTree ├─┬ chalk@2.4.2
40 silly currentTree │ └── supports-color@5.5.0
40 silly currentTree ├── charenc@0.0.2
40 silly currentTree ├── charm@0.1.2
40 silly currentTree ├── chart.js@2.8.0
40 silly currentTree ├── chartjs-color-string@0.6.0
40 silly currentTree ├─┬ chartjs-color@2.3.0
40 silly currentTree │ └── color-convert@0.5.3
40 silly currentTree ├─┬ chokidar@2.1.5
40 silly currentTree │ └── is-glob@4.0.1
40 silly currentTree ├── ci-info@1.6.0
40 silly currentTree ├─┬ class-utils@0.3.6
40 silly currentTree │ └── define-property@0.2.5
40 silly currentTree ├── cli-boxes@1.0.0
40 silly currentTree ├─┬ cli-table-redemption@1.0.1
40 silly currentTree │ ├── ansi-regex@2.1.1
40 silly currentTree │ ├── ansi-styles@2.2.1
40 silly currentTree │ ├── chalk@1.1.3
40 silly currentTree │ ├── strip-ansi@3.0.1
40 silly currentTree │ └── supports-color@2.0.0
40 silly currentTree ├── cliui@4.1.0
40 silly currentTree ├── clone-response@1.0.2
40 silly currentTree ├── co@4.6.0
40 silly currentTree ├── code-point-at@1.1.0
40 silly currentTree ├── collection-visit@1.0.0
40 silly currentTree ├── color-convert@1.9.3
40 silly currentTree ├── color-name@1.1.3
40 silly currentTree ├── commander@2.15.1
40 silly currentTree ├── component-bind@1.0.0
40 silly currentTree ├── component-emitter@1.2.1
40 silly currentTree ├── component-inherit@0.0.3
40 silly currentTree ├── concat-map@0.0.1
40 silly currentTree ├── configstore@3.1.2
40 silly currentTree ├── content-disposition@0.5.2
40 silly currentTree ├── content-type@1.0.4
40 silly currentTree ├── continuation-local-storage@3.2.1
40 silly currentTree ├── cookie-signature@1.0.6
40 silly currentTree ├── cookie@0.3.1
40 silly currentTree ├── copy-descriptor@0.1.1
40 silly currentTree ├── core-util-is@1.0.2
40 silly currentTree ├── cors@2.8.5
40 silly currentTree ├── create-error-class@3.0.2
40 silly currentTree ├── cron@1.7.0
40 silly currentTree ├── cross-spawn@6.0.5
40 silly currentTree ├── crypt@0.0.2
40 silly currentTree ├── crypto-random-string@1.0.0
40 silly currentTree ├── culvert@0.1.2
40 silly currentTree ├─┬ data-uri-to-buffer@2.0.1
40 silly currentTree │ └── @types/node@8.10.45
40 silly currentTree ├── date-diff@0.2.1
40 silly currentTree ├── date-fns@1.30.1
40 silly currentTree ├── debug@3.2.6
40 silly currentTree ├── decamelize@1.2.0
40 silly currentTree ├── decode-uri-component@0.2.0
40 silly currentTree ├── decompress-response@3.3.0
40 silly currentTree ├── deep-extend@0.6.0
40 silly currentTree ├── deep-is@0.1.3
40 silly currentTree ├── defer-to-connect@1.0.2
40 silly currentTree ├── define-properties@1.1.3
40 silly currentTree ├─┬ define-property@2.0.2
40 silly currentTree │ ├── is-accessor-descriptor@1.0.0
40 silly currentTree │ ├── is-data-descriptor@1.0.0
40 silly currentTree │ └── is-descriptor@1.0.2
40 silly currentTree ├─┬ degenerator@1.0.4
40 silly currentTree │ └── esprima@3.1.3
40 silly currentTree ├── depd@1.1.2
40 silly currentTree ├── destroy@1.0.4
40 silly currentTree ├── detect-file@1.0.0
40 silly currentTree ├── dicer@0.2.5
40 silly currentTree ├── diff@3.5.0
40 silly currentTree ├── dns-packet@5.2.1
40 silly currentTree ├── dns-socket@4.2.0
40 silly currentTree ├── dot-prop@4.2.0
40 silly currentTree ├── duplexer3@0.1.4
40 silly currentTree ├── ecdsa-sig-formatter@1.0.11
40 silly currentTree ├── ee-first@1.1.1
40 silly currentTree ├── email-validator@2.0.4
40 silly currentTree ├── emitter-listener@1.1.2
40 silly currentTree ├── encodeurl@1.0.2
40 silly currentTree ├── end-of-stream@1.4.1
40 silly currentTree ├─┬ engine.io-client@3.3.2
40 silly currentTree │ ├── debug@3.1.0
40 silly currentTree │ ├── ms@2.0.0
40 silly currentTree │ └── ws@6.1.4
40 silly currentTree ├── engine.io-parser@2.1.3
40 silly currentTree ├─┬ engine.io@3.3.2
40 silly currentTree │ ├── debug@3.1.0
40 silly currentTree │ ├── ms@2.0.0
40 silly currentTree │ └── ws@6.1.4
40 silly currentTree ├── es-abstract@1.13.0
40 silly currentTree ├── es-to-primitive@1.2.0
40 silly currentTree ├── es6-promise@4.2.6
40 silly currentTree ├── es6-promisify@5.0.0
40 silly currentTree ├── escape-html@1.0.3
40 silly currentTree ├── escape-regexp@0.0.1
40 silly currentTree ├── escape-string-regexp@1.0.5
40 silly currentTree ├─┬ escodegen@1.11.1
40 silly currentTree │ ├── esprima@3.1.3
40 silly currentTree │ └── source-map@0.6.1
40 silly currentTree ├── esprima@4.0.1
40 silly currentTree ├── estraverse@4.2.0
40 silly currentTree ├── esutils@2.0.2
40 silly currentTree ├── etag@1.8.1
40 silly currentTree ├── event-loop-inspector@1.2.2
40 silly currentTree ├── eventemitter2@5.0.1
40 silly currentTree ├── execa@1.0.0
40 silly currentTree ├─┬ expand-brackets@2.1.4
40 silly currentTree │ ├── debug@2.6.9
40 silly currentTree │ ├── define-property@0.2.5
40 silly currentTree │ ├── extend-shallow@2.0.1
40 silly currentTree │ └── ms@2.0.0
40 silly currentTree ├── expand-tilde@2.0.2
40 silly currentTree ├── express-fileupload@1.1.4
40 silly currentTree ├── express-list-endpoints@4.0.0
40 silly currentTree ├─┬ express@4.16.4
40 silly currentTree │ ├── debug@2.6.9
40 silly currentTree │ ├── ms@2.0.0
40 silly currentTree │ └── statuses@1.4.0
40 silly currentTree ├─┬ extend-shallow@3.0.2
40 silly currentTree │ └── is-extendable@1.0.1
40 silly currentTree ├── extend@3.0.2
40 silly currentTree ├─┬ extglob@2.0.4
40 silly currentTree │ ├── define-property@1.0.0
40 silly currentTree │ ├── extend-shallow@2.0.1
40 silly currentTree │ ├── is-accessor-descriptor@1.0.0
40 silly currentTree │ ├── is-data-descriptor@1.0.0
40 silly currentTree │ └── is-descriptor@1.0.2
40 silly currentTree ├── fast-levenshtein@2.0.6
40 silly currentTree ├── fclone@1.0.11
40 silly currentTree ├── file-uri-to-path@1.0.0
40 silly currentTree ├─┬ fill-range@4.0.0
40 silly currentTree │ └── extend-shallow@2.0.1
40 silly currentTree ├─┬ finalhandler@1.1.1
40 silly currentTree │ ├── debug@2.6.9
40 silly currentTree │ ├── ms@2.0.0
40 silly currentTree │ └── statuses@1.4.0
40 silly currentTree ├── find-up@3.0.0
40 silly currentTree ├── findup-sync@2.0.0
40 silly currentTree ├─┬ flat@4.1.0
40 silly currentTree │ └── is-buffer@2.0.3
40 silly currentTree ├── follow-redirects@1.7.0
40 silly currentTree ├── for-in@1.0.2
40 silly currentTree ├── forwarded@0.1.2
40 silly currentTree ├── fragment-cache@0.2.1
40 silly currentTree ├── fresh@0.5.2
40 silly currentTree ├── fs.realpath@1.0.0
40 silly currentTree ├── ftp@0.3.10
40 silly currentTree ├── function-bind@1.1.1
40 silly currentTree ├── get-caller-file@1.0.3
40 silly currentTree ├── get-stream@4.1.0
40 silly currentTree ├─┬ get-uri@2.0.3
40 silly currentTree │ ├── debug@4.1.1
40 silly currentTree │ ├── readable-stream@3.3.0
40 silly currentTree │ └── string_decoder@1.2.0
40 silly currentTree ├── get-value@2.0.6
40 silly currentTree ├── git-node-fs@1.0.0
40 silly currentTree ├── git-sha1@0.1.2
40 silly currentTree ├── gkt@1.0.0
40 silly currentTree ├── glob-parent@3.1.0
40 silly currentTree ├── glob@7.1.3
40 silly currentTree ├── global-dirs@0.1.1
40 silly currentTree ├── global-modules@1.0.0
40 silly currentTree ├── global-prefix@1.0.2
40 silly currentTree ├─┬ got@6.7.1
40 silly currentTree │ └── get-stream@3.0.0
40 silly currentTree ├── graceful-fs@4.1.15
40 silly currentTree ├── growl@1.10.5
40 silly currentTree ├─┬ has-ansi@2.0.0
40 silly currentTree │ └── ansi-regex@2.1.1
40 silly currentTree ├─┬ has-binary2@1.0.3
40 silly currentTree │ └── isarray@2.0.1
40 silly currentTree ├── has-cors@1.1.0
40 silly currentTree ├── has-flag@3.0.0
40 silly currentTree ├── has-symbols@1.0.0
40 silly currentTree ├── has-value@1.0.0
40 silly currentTree ├─┬ has-values@1.0.0
40 silly currentTree │ └── kind-of@4.0.0
40 silly currentTree ├── has@1.0.3
40 silly currentTree ├── he@1.2.0
40 silly currentTree ├── homedir-polyfill@1.0.3
40 silly currentTree ├── html-entities@1.2.1
40 silly currentTree ├── http-cache-semantics@4.0.3
40 silly currentTree ├── http-errors@1.6.3
40 silly currentTree ├─┬ http-proxy-agent@2.1.0
40 silly currentTree │ ├── debug@3.1.0
40 silly currentTree │ └── ms@2.0.0
40 silly currentTree ├── http-status-codes@1.3.2
40 silly currentTree ├── https-proxy-agent@2.2.1
40 silly currentTree ├── iconv-lite@0.4.23
40 silly currentTree ├── ignore-by-default@1.0.1
40 silly currentTree ├── import-lazy@2.1.0
40 silly currentTree ├── imurmurhash@0.1.4
40 silly currentTree ├── indexof@0.0.1
40 silly currentTree ├── inflight@1.0.6
40 silly currentTree ├── inherits@2.0.3
40 silly currentTree ├── ini@1.3.5
40 silly currentTree ├── interpret@1.2.0
40 silly currentTree ├── invert-kv@2.0.0
40 silly currentTree ├── ip-regex@2.1.0
40 silly currentTree ├── ip@1.1.5
40 silly currentTree ├── ipaddr.js@1.8.0
40 silly currentTree ├─┬ is-accessor-descriptor@0.1.6
40 silly currentTree │ └── kind-of@3.2.2
40 silly currentTree ├── is-binary-path@1.0.1
40 silly currentTree ├── is-buffer@1.1.6
40 silly currentTree ├── is-callable@1.1.4
40 silly currentTree ├── is-ci@1.2.1
40 silly currentTree ├─┬ is-data-descriptor@0.1.4
40 silly currentTree │ └── kind-of@3.2.2
40 silly currentTree ├── is-date-format@0.1.1
40 silly currentTree ├── is-date-object@1.0.1
40 silly currentTree ├─┬ is-descriptor@0.1.6
40 silly currentTree │ └── kind-of@5.1.0
40 silly currentTree ├── is-extendable@0.1.1
40 silly currentTree ├── is-extglob@2.1.1
40 silly currentTree ├── is-fullwidth-code-point@2.0.0
40 silly currentTree ├── is-glob@3.1.0
40 silly currentTree ├── is-installed-globally@0.1.0
40 silly currentTree ├── is-ip@2.0.0
40 silly currentTree ├── is-npm@1.0.0
40 silly currentTree ├─┬ is-number@3.0.0
40 silly currentTree │ └── kind-of@3.2.2
40 silly currentTree ├── is-obj@1.0.1
40 silly currentTree ├── is-path-inside@1.0.1
40 silly currentTree ├── is-plain-object@2.0.4
40 silly currentTree ├── is-redirect@1.0.0
40 silly currentTree ├── is-regex@1.0.4
40 silly currentTree ├── is-retry-allowed@1.1.0
40 silly currentTree ├── is-stream@1.1.0
40 silly currentTree ├── is-symbol@1.0.2
40 silly currentTree ├── is-windows@1.0.2
40 silly currentTree ├── isarray@1.0.0
40 silly currentTree ├── isexe@2.0.0
40 silly currentTree ├── isobject@3.0.1
40 silly currentTree ├── js-git@0.7.8
40 silly currentTree ├── js-yaml@3.12.0
40 silly currentTree ├── json-buffer@3.0.0
40 silly currentTree ├── jsonwebtoken@8.5.1
40 silly currentTree ├── jwa@1.4.1
40 silly currentTree ├── jws@3.2.2
40 silly currentTree ├── keyv@3.1.0
40 silly currentTree ├── kind-of@6.0.2
40 silly currentTree ├── latest-version@3.1.0
40 silly currentTree ├── lazy@1.0.11
40 silly currentTree ├── lcid@2.0.0
40 silly currentTree ├── levn@0.3.0
40 silly currentTree ├── locate-path@3.0.0
40 silly currentTree ├── lodash.findindex@4.6.0
40 silly currentTree ├── lodash.foreach@4.5.0
40 silly currentTree ├── lodash.get@4.4.2
40 silly currentTree ├── lodash.includes@4.3.0
40 silly currentTree ├── lodash.isboolean@3.0.3
40 silly currentTree ├── lodash.isinteger@4.0.4
40 silly currentTree ├── lodash.isnumber@3.0.3
40 silly currentTree ├── lodash.isplainobject@4.0.6
40 silly currentTree ├── lodash.isstring@4.0.1
40 silly currentTree ├── lodash.last@3.0.0
40 silly currentTree ├── lodash.once@4.1.1
40 silly currentTree ├── lodash@4.17.11
40 silly currentTree ├── log-driver@1.2.7
40 silly currentTree ├── log-symbols@2.2.0
40 silly currentTree ├── lowercase-keys@1.0.1
40 silly currentTree ├── lru-cache@4.1.5
40 silly currentTree ├── make-dir@1.3.0
40 silly currentTree ├── map-age-cleaner@0.1.3
40 silly currentTree ├── map-cache@0.2.2
40 silly currentTree ├── map-visit@1.0.0
40 silly currentTree ├── media-typer@0.3.0
40 silly currentTree ├── mem@4.3.0
40 silly currentTree ├── merge-descriptors@1.0.1
40 silly currentTree ├── methods@1.1.2
40 silly currentTree ├── micromatch@3.1.10
40 silly currentTree ├── mime-db@1.38.0
40 silly currentTree ├── mime-types@2.1.22
40 silly currentTree ├── mime@1.4.1
40 silly currentTree ├── mimic-fn@2.1.0
40 silly currentTree ├── mimic-response@1.0.1
40 silly currentTree ├── minimatch@3.0.4
40 silly currentTree ├── minimist@0.0.8
40 silly currentTree ├─┬ mixin-deep@1.3.1
40 silly currentTree │ └── is-extendable@1.0.1
40 silly currentTree ├── mkdirp@0.5.1
40 silly currentTree ├── mocha@6.0.2
40 silly currentTree ├── module-details-from-path@1.0.3
40 silly currentTree ├── moment-timezone@0.5.23
40 silly currentTree ├── moment@2.24.0
40 silly currentTree ├── ms@2.1.1
40 silly currentTree ├── mute-stream@0.0.8
40 silly currentTree ├─┬ mysql@2.16.0
40 silly currentTree │ ├── readable-stream@2.3.6
40 silly currentTree │ └── string_decoder@1.1.1
40 silly currentTree ├── nanomatch@1.2.13
40 silly currentTree ├─┬ needle@2.2.4
40 silly currentTree │ ├── debug@2.6.9
40 silly currentTree │ └── ms@2.0.0
40 silly currentTree ├── negotiator@0.6.1
40 silly currentTree ├── netmask@1.0.6
40 silly currentTree ├── nice-try@1.0.5
40 silly currentTree ├── node-environment-flags@1.0.4
40 silly currentTree ├─┬ nodemon@1.18.10
40 silly currentTree │ └── supports-color@5.5.0
40 silly currentTree ├── nopt@1.0.10
40 silly currentTree ├── normalize-path@3.0.0
40 silly currentTree ├── normalize-url@3.3.0
40 silly currentTree ├── npm-run-path@2.0.2
40 silly currentTree ├─┬ nssocket@0.6.0
40 silly currentTree │ └── eventemitter2@0.4.14
40 silly currentTree ├── number-is-nan@1.0.1
40 silly currentTree ├── object-assign@4.1.1
40 silly currentTree ├── object-component@0.0.3
40 silly currentTree ├─┬ object-copy@0.1.0
40 silly currentTree │ ├── define-property@0.2.5
40 silly currentTree │ └── kind-of@3.2.2
40 silly currentTree ├── object-keys@1.1.0
40 silly currentTree ├── object-visit@1.0.1
40 silly currentTree ├── object.assign@4.1.0
40 silly currentTree ├── object.getownpropertydescriptors@2.0.3
40 silly currentTree ├── object.pick@1.3.0
40 silly currentTree ├── on-finished@2.3.0
40 silly currentTree ├── once@1.4.0
40 silly currentTree ├── optionator@0.8.2
40 silly currentTree ├── os-locale@3.1.0
40 silly currentTree ├── p-cancelable@1.1.0
40 silly currentTree ├── p-defer@1.0.0
40 silly currentTree ├── p-finally@1.0.0
40 silly currentTree ├── p-is-promise@2.0.0
40 silly currentTree ├── p-limit@2.2.0
40 silly currentTree ├── p-locate@3.0.0
40 silly currentTree ├── p-try@2.2.0
40 silly currentTree ├── pac-proxy-agent@3.0.0
40 silly currentTree ├── pac-resolver@3.0.0
40 silly currentTree ├── package-json@4.0.1
40 silly currentTree ├── pako@0.2.9
40 silly currentTree ├── parse-passwd@1.0.0
40 silly currentTree ├── parseqs@0.0.5
40 silly currentTree ├── parseuri@0.0.5
40 silly currentTree ├── parseurl@1.3.2
40 silly currentTree ├── pascalcase@0.1.1
40 silly currentTree ├── path-dirname@1.0.2
40 silly currentTree ├── path-exists@3.0.0
40 silly currentTree ├── path-is-absolute@1.0.1
40 silly currentTree ├── path-is-inside@1.0.2
40 silly currentTree ├── path-key@2.0.1
40 silly currentTree ├── path-parse@1.0.6
40 silly currentTree ├── path-to-regexp@0.1.7
40 silly currentTree ├── path@0.12.7
40 silly currentTree ├── pidusage@2.0.17
40 silly currentTree ├── pify@3.0.0
40 silly currentTree ├── pm2-axon-rpc@0.5.1
40 silly currentTree ├── pm2-axon@3.3.0
40 silly currentTree ├── pm2-deploy@0.4.0
40 silly currentTree ├── pm2-multimeter@0.1.2
40 silly currentTree ├─┬ pm2@3.5.0
40 silly currentTree │ └── sprintf-js@1.1.1
40 silly currentTree ├── posix-character-classes@0.1.1
40 silly currentTree ├── prelude-ls@1.1.2
40 silly currentTree ├── prepend-http@1.0.4
40 silly currentTree ├── process-nextick-args@2.0.0
40 silly currentTree ├── process@0.11.10
40 silly currentTree ├── promptly@2.2.0
40 silly currentTree ├── proxy-addr@2.0.4
40 silly currentTree ├── proxy-agent@3.1.0
40 silly currentTree ├── proxy-from-env@1.0.0
40 silly currentTree ├── pseudomap@1.0.2
40 silly currentTree ├── pstree.remy@1.1.6
40 silly currentTree ├─┬ public-ip@3.0.0
40 silly currentTree │ ├── got@9.6.0
40 silly currentTree │ ├── prepend-http@2.0.0
40 silly currentTree │ └── url-parse-lax@3.0.0
40 silly currentTree ├── pump@3.0.0
40 silly currentTree ├── qs@6.5.2
40 silly currentTree ├── randomstring@1.1.5
40 silly currentTree ├── range-parser@1.2.0
40 silly currentTree ├── raw-body@2.3.3
40 silly currentTree ├─┬ rc@1.2.8
40 silly currentTree │ └── minimist@1.2.0
40 silly currentTree ├── read-file@0.2.0
40 silly currentTree ├── read@1.0.7
40 silly currentTree ├─┬ readable-stream@1.1.14
40 silly currentTree │ └── isarray@0.0.1
40 silly currentTree ├─┬ readdirp@2.2.1
40 silly currentTree │ ├── readable-stream@2.3.6
40 silly currentTree │ └── string_decoder@1.1.1
40 silly currentTree ├── rechoir@0.6.2
40 silly currentTree ├── regex-not@1.0.2
40 silly currentTree ├── registry-auth-token@3.4.0
40 silly currentTree ├── registry-url@3.1.0
40 silly currentTree ├── remove-trailing-separator@1.1.0
40 silly currentTree ├── repeat-element@1.1.3
40 silly currentTree ├── repeat-string@1.6.1
40 silly currentTree ├── require-directory@2.1.1
40 silly currentTree ├── require-in-the-middle@3.0.0
40 silly currentTree ├── require-main-filename@1.0.1
40 silly currentTree ├── resolve-dir@1.0.1
40 silly currentTree ├── resolve-url@0.2.1
40 silly currentTree ├── resolve@1.10.0
40 silly currentTree ├── responselike@1.0.2
40 silly currentTree ├── ret@0.1.15
40 silly currentTree ├── safe-buffer@5.1.2
40 silly currentTree ├── safe-regex@1.1.0
40 silly currentTree ├── safer-buffer@2.1.2
40 silly currentTree ├── sax@1.2.4
40 silly currentTree ├── semver-diff@2.1.0
40 silly currentTree ├── semver@5.7.0
40 silly currentTree ├─┬ send@0.16.2
40 silly currentTree │ ├── debug@2.6.9
40 silly currentTree │ ├── ms@2.0.0
40 silly currentTree │ └── statuses@1.4.0
40 silly currentTree ├── serve-static@1.13.2
40 silly currentTree ├── set-blocking@2.0.0
40 silly currentTree ├─┬ set-value@2.0.0
40 silly currentTree │ └── extend-shallow@2.0.1
40 silly currentTree ├── setprototypeof@1.1.0
40 silly currentTree ├── sha1@1.1.1
40 silly currentTree ├── shebang-command@1.2.0
40 silly currentTree ├── shebang-regex@1.0.0
40 silly currentTree ├── shelljs@0.8.3
40 silly currentTree ├── shimmer@1.2.1
40 silly currentTree ├── signal-exit@3.0.2
40 silly currentTree ├── smart-buffer@4.0.2
40 silly currentTree ├─┬ snapdragon-node@2.1.1
40 silly currentTree │ ├── define-property@1.0.0
40 silly currentTree │ ├── is-accessor-descriptor@1.0.0
40 silly currentTree │ ├── is-data-descriptor@1.0.0
40 silly currentTree │ └── is-descriptor@1.0.2
40 silly currentTree ├─┬ snapdragon-util@3.0.1
40 silly currentTree │ └── kind-of@3.2.2
40 silly currentTree ├─┬ snapdragon@0.8.2
40 silly currentTree │ ├── debug@2.6.9
40 silly currentTree │ ├── define-property@0.2.5
40 silly currentTree │ ├── extend-shallow@2.0.1
40 silly currentTree │ └── ms@2.0.0
40 silly currentTree ├── socket.io-adapter@1.1.1
40 silly currentTree ├─┬ socket.io-client@2.2.0
40 silly currentTree │ ├── debug@3.1.0
40 silly currentTree │ └── ms@2.0.0
40 silly currentTree ├─┬ socket.io-parser@3.3.0
40 silly currentTree │ ├── debug@3.1.0
40 silly currentTree │ ├── isarray@2.0.1
40 silly currentTree │ └── ms@2.0.0
40 silly currentTree ├─┬ socket.io@2.2.0
40 silly currentTree │ └── debug@4.1.1
40 silly currentTree ├── socks-proxy-agent@4.0.2
40 silly currentTree ├── socks@2.3.2
40 silly currentTree ├── source-map-resolve@0.5.2
40 silly currentTree ├─┬ source-map-support@0.5.11
40 silly currentTree │ └── source-map@0.6.1
40 silly currentTree ├── source-map-url@0.4.0
40 silly currentTree ├── source-map@0.5.7
40 silly currentTree ├── split-string@3.1.0
40 silly currentTree ├── sprintf-js@1.0.3
40 silly currentTree ├── sqlstring@2.3.1
40 silly currentTree ├─┬ static-extend@0.1.2
40 silly currentTree │ └── define-property@0.2.5
40 silly currentTree ├── statuses@1.5.0
40 silly currentTree ├── streamsearch@0.1.2
40 silly currentTree ├── string_decoder@0.10.31
40 silly currentTree ├── string-width@2.1.1
40 silly currentTree ├── strip-ansi@4.0.0
40 silly currentTree ├── strip-eof@1.0.0
40 silly currentTree ├── strip-json-comments@2.0.1
40 silly currentTree ├── supports-color@6.0.0
40 silly currentTree ├─┬ term-size@1.2.0
40 silly currentTree │ ├── cross-spawn@5.1.0
40 silly currentTree │ ├── execa@0.7.0
40 silly currentTree │ └── get-stream@3.0.0
40 silly currentTree ├── thunkify@2.1.2
40 silly currentTree ├── timed-out@4.0.1
40 silly currentTree ├── to-array@0.1.4
40 silly currentTree ├─┬ to-object-path@0.3.0
40 silly currentTree │ └── kind-of@3.2.2
40 silly currentTree ├── to-readable-stream@1.0.0
40 silly currentTree ├── to-regex-range@2.1.1
40 silly currentTree ├── to-regex@3.0.2
40 silly currentTree ├── touch@3.1.0
40 silly currentTree ├── tslib@1.9.3
40 silly currentTree ├── tv4@1.3.0
40 silly currentTree ├── type-check@0.3.2
40 silly currentTree ├── type-is@1.6.16
40 silly currentTree ├── ultron@1.1.1
40 silly currentTree ├─┬ undefsafe@2.0.2
40 silly currentTree │ ├── debug@2.6.9
40 silly currentTree │ └── ms@2.0.0
40 silly currentTree ├─┬ union-value@1.0.0
40 silly currentTree │ ├── extend-shallow@2.0.1
40 silly currentTree │ └── set-value@0.4.3
40 silly currentTree ├── unique-string@1.0.0
40 silly currentTree ├── unpipe@1.0.0
40 silly currentTree ├─┬ unset-value@1.0.0
40 silly currentTree │ ├─┬ has-value@0.3.1
40 silly currentTree │ │ └── isobject@2.1.0
40 silly currentTree │ └── has-values@0.1.4
40 silly currentTree ├── unzip-response@2.0.1
40 silly currentTree ├── upath@1.1.2
40 silly currentTree ├── update-notifier@2.5.0
40 silly currentTree ├── urix@0.1.0
40 silly currentTree ├── url-parse-lax@1.0.0
40 silly currentTree ├── use@3.1.1
40 silly currentTree ├── util-deprecate@1.0.2
40 silly currentTree ├── util@0.10.4
40 silly currentTree ├── utils-merge@1.0.1
40 silly currentTree ├── uuid@3.3.2
40 silly currentTree ├── v8-compile-cache@2.0.2
40 silly currentTree ├── vary@1.1.2
40 silly currentTree ├─┬ vizion@2.0.2
40 silly currentTree │ └── async@2.6.1
40 silly currentTree ├── which-module@2.0.0
40 silly currentTree ├── which@1.3.1
40 silly currentTree ├── wide-align@1.1.3
40 silly currentTree ├── widest-line@2.0.1
40 silly currentTree ├── wordwrap@1.0.0
40 silly currentTree ├─┬ wrap-ansi@2.1.0
40 silly currentTree │ ├── ansi-regex@2.1.1
40 silly currentTree │ ├── is-fullwidth-code-point@1.0.0
40 silly currentTree │ ├── string-width@1.0.2
40 silly currentTree │ └── strip-ansi@3.0.1
40 silly currentTree ├── wrappy@1.0.2
40 silly currentTree ├── write-file-atomic@2.4.2
40 silly currentTree ├── ws@5.2.2
40 silly currentTree ├── xdg-basedir@3.0.0
40 silly currentTree ├── xmlhttprequest-ssl@1.5.5
40 silly currentTree ├── xregexp@2.0.0
40 silly currentTree ├── y18n@4.0.0
40 silly currentTree ├── yallist@2.1.2
40 silly currentTree ├── yamljs@0.3.0
40 silly currentTree ├── yargs-parser@11.1.1
40 silly currentTree ├── yargs-unparser@1.5.0
40 silly currentTree ├── yargs@12.0.5
40 silly currentTree └── yeast@0.1.2
41 silly idealTree Badgeuse-intelligente@0.1.0
41 silly idealTree ├── @opencensus/core@0.0.9
41 silly idealTree ├─┬ @opencensus/propagation-b3@0.0.8
41 silly idealTree │ └── @opencensus/core@0.0.8
41 silly idealTree ├─┬ @pm2/agent-node@1.1.8
41 silly idealTree │ └── ws@6.2.1
41 silly idealTree ├── @pm2/agent@0.5.24
41 silly idealTree ├─┬ @pm2/io@4.1.3
41 silly idealTree │ ├── debug@3.1.0
41 silly idealTree │ ├── ms@2.0.0
41 silly idealTree │ └── semver@5.5.0
41 silly idealTree ├─┬ @pm2/js-api@0.5.55
41 silly idealTree │ ├── debug@2.6.9
41 silly idealTree │ ├── eventemitter2@4.1.2
41 silly idealTree │ ├── ms@2.0.0
41 silly idealTree │ └── ws@3.3.3
41 silly idealTree ├── @sindresorhus/is@0.14.0
41 silly idealTree ├── @szmarczak/http-timer@1.1.2
41 silly idealTree ├── @types/jspdf@1.3.0
41 silly idealTree ├── @types/node@11.13.0
41 silly idealTree ├── @types/socket.io@2.1.2
41 silly idealTree ├── abbrev@1.1.1
41 silly idealTree ├── accepts@1.3.5
41 silly idealTree ├── after@0.8.2
41 silly idealTree ├── agent-base@4.2.1
41 silly idealTree ├── amp-message@0.1.2
41 silly idealTree ├── amp@0.3.1
41 silly idealTree ├── ansi-align@2.0.0
41 silly idealTree ├── ansi-colors@3.2.3
41 silly idealTree ├── ansi-regex@3.0.0
41 silly idealTree ├── ansi-styles@3.2.1
41 silly idealTree ├─┬ anymatch@2.0.0
41 silly idealTree │ └── normalize-path@2.1.1
41 silly idealTree ├── argparse@1.0.10
41 silly idealTree ├── arr-diff@4.0.0
41 silly idealTree ├── arr-flatten@1.1.0
41 silly idealTree ├── arr-union@3.1.0
41 silly idealTree ├── array-flatten@1.1.1
41 silly idealTree ├── array-uniq@1.0.2
41 silly idealTree ├── array-unique@0.3.2
41 silly idealTree ├── arraybuffer.slice@0.0.7
41 silly idealTree ├── assign-symbols@1.0.0
41 silly idealTree ├── ast-types@0.12.3
41 silly idealTree ├── async-each@1.0.2
41 silly idealTree ├── async-limiter@1.0.0
41 silly idealTree ├── async-listener@0.6.10
41 silly idealTree ├── async@2.6.2
41 silly idealTree ├── atob@2.1.2
41 silly idealTree ├── axios@0.16.2
41 silly idealTree ├── backo2@1.0.2
41 silly idealTree ├── balanced-match@1.0.0
41 silly idealTree ├─┬ base@0.11.2
41 silly idealTree │ ├── define-property@1.0.0
41 silly idealTree │ ├── is-accessor-descriptor@1.0.0
41 silly idealTree │ ├── is-data-descriptor@1.0.0
41 silly idealTree │ └── is-descriptor@1.0.2
41 silly idealTree ├── base64-arraybuffer@0.1.5
41 silly idealTree ├── base64id@1.0.0
41 silly idealTree ├── better-assert@1.0.2
41 silly idealTree ├── bignumber.js@4.1.0
41 silly idealTree ├── binary-extensions@1.13.1
41 silly idealTree ├── blessed@0.1.81
41 silly idealTree ├── blob@0.0.5
41 silly idealTree ├── bodec@0.1.0
41 silly idealTree ├─┬ body-parser@1.18.3
41 silly idealTree │ ├── debug@2.6.9
41 silly idealTree │ └── ms@2.0.0
41 silly idealTree ├─┬ boxen@1.3.0
41 silly idealTree │ └── camelcase@4.1.0
41 silly idealTree ├── brace-expansion@1.1.11
41 silly idealTree ├─┬ braces@2.3.2
41 silly idealTree │ └── extend-shallow@2.0.1
41 silly idealTree ├── browser-stdout@1.3.1
41 silly idealTree ├── buffer-equal-constant-time@1.0.1
41 silly idealTree ├── buffer-from@1.1.1
41 silly idealTree ├── busboy@0.2.14
41 silly idealTree ├── bytes@3.0.0
41 silly idealTree ├── cache-base@1.0.1
41 silly idealTree ├── cacheable-request@6.0.0
41 silly idealTree ├── callsite@1.0.0
41 silly idealTree ├── camelcase@5.3.1
41 silly idealTree ├── capture-stack-trace@1.0.1
41 silly idealTree ├─┬ chalk@2.4.2
41 silly idealTree │ └── supports-color@5.5.0
41 silly idealTree ├── charenc@0.0.2
41 silly idealTree ├── charm@0.1.2
41 silly idealTree ├── chart.js@2.8.0
41 silly idealTree ├── chartjs-color-string@0.6.0
41 silly idealTree ├─┬ chartjs-color@2.3.0
41 silly idealTree │ └── color-convert@0.5.3
41 silly idealTree ├─┬ chokidar@2.1.5
41 silly idealTree │ └── is-glob@4.0.1
41 silly idealTree ├── ci-info@1.6.0
41 silly idealTree ├─┬ class-utils@0.3.6
41 silly idealTree │ └── define-property@0.2.5
41 silly idealTree ├── cli-boxes@1.0.0
41 silly idealTree ├─┬ cli-table-redemption@1.0.1
41 silly idealTree │ ├── ansi-regex@2.1.1
41 silly idealTree │ ├── ansi-styles@2.2.1
41 silly idealTree │ ├── chalk@1.1.3
41 silly idealTree │ ├── strip-ansi@3.0.1
41 silly idealTree │ └── supports-color@2.0.0
41 silly idealTree ├── cliui@4.1.0
41 silly idealTree ├── clone-response@1.0.2
41 silly idealTree ├── co@4.6.0
41 silly idealTree ├── code-point-at@1.1.0
41 silly idealTree ├── collection-visit@1.0.0
41 silly idealTree ├── color-convert@1.9.3
41 silly idealTree ├── color-name@1.1.3
41 silly idealTree ├── commander@2.15.1
41 silly idealTree ├── component-bind@1.0.0
41 silly idealTree ├── component-emitter@1.2.1
41 silly idealTree ├── component-inherit@0.0.3
41 silly idealTree ├── concat-map@0.0.1
41 silly idealTree ├── configstore@3.1.2
41 silly idealTree ├── content-disposition@0.5.2
41 silly idealTree ├── content-type@1.0.4
41 silly idealTree ├── continuation-local-storage@3.2.1
41 silly idealTree ├── cookie-signature@1.0.6
41 silly idealTree ├── cookie@0.3.1
41 silly idealTree ├── copy-descriptor@0.1.1
41 silly idealTree ├── core-util-is@1.0.2
41 silly idealTree ├── cors@2.8.5
41 silly idealTree ├── create-error-class@3.0.2
41 silly idealTree ├── cron@1.7.0
41 silly idealTree ├── cross-spawn@6.0.5
41 silly idealTree ├── crypt@0.0.2
41 silly idealTree ├── crypto-random-string@1.0.0
41 silly idealTree ├── culvert@0.1.2
41 silly idealTree ├─┬ data-uri-to-buffer@2.0.1
41 silly idealTree │ └── @types/node@8.10.45
41 silly idealTree ├── date-diff@0.2.1
41 silly idealTree ├── date-fns@1.30.1
41 silly idealTree ├── debug@3.2.6
41 silly idealTree ├── decamelize@1.2.0
41 silly idealTree ├── decode-uri-component@0.2.0
41 silly idealTree ├── decompress-response@3.3.0
41 silly idealTree ├── deep-extend@0.6.0
41 silly idealTree ├── deep-is@0.1.3
41 silly idealTree ├── defer-to-connect@1.0.2
41 silly idealTree ├── define-properties@1.1.3
41 silly idealTree ├─┬ define-property@2.0.2
41 silly idealTree │ ├── is-accessor-descriptor@1.0.0
41 silly idealTree │ ├── is-data-descriptor@1.0.0
41 silly idealTree │ └── is-descriptor@1.0.2
41 silly idealTree ├─┬ degenerator@1.0.4
41 silly idealTree │ └── esprima@3.1.3
41 silly idealTree ├── depd@1.1.2
41 silly idealTree ├── destroy@1.0.4
41 silly idealTree ├── detect-file@1.0.0
41 silly idealTree ├── dicer@0.2.5
41 silly idealTree ├── diff@3.5.0
41 silly idealTree ├── dns-packet@5.2.1
41 silly idealTree ├── dns-socket@4.2.0
41 silly idealTree ├── dot-prop@4.2.0
41 silly idealTree ├── duplexer3@0.1.4
41 silly idealTree ├── ecdsa-sig-formatter@1.0.11
41 silly idealTree ├── ee-first@1.1.1
41 silly idealTree ├── email-validator@2.0.4
41 silly idealTree ├── emitter-listener@1.1.2
41 silly idealTree ├── encodeurl@1.0.2
41 silly idealTree ├── end-of-stream@1.4.1
41 silly idealTree ├─┬ engine.io-client@3.3.2
41 silly idealTree │ ├── debug@3.1.0
41 silly idealTree │ ├── ms@2.0.0
41 silly idealTree │ └── ws@6.1.4
41 silly idealTree ├── engine.io-parser@2.1.3
41 silly idealTree ├─┬ engine.io@3.3.2
41 silly idealTree │ ├── debug@3.1.0
41 silly idealTree │ ├── ms@2.0.0
41 silly idealTree │ └── ws@6.1.4
41 silly idealTree ├── es-abstract@1.13.0
41 silly idealTree ├── es-to-primitive@1.2.0
41 silly idealTree ├── es6-promise@4.2.6
41 silly idealTree ├── es6-promisify@5.0.0
41 silly idealTree ├── escape-html@1.0.3
41 silly idealTree ├── escape-regexp@0.0.1
41 silly idealTree ├── escape-string-regexp@1.0.5
41 silly idealTree ├─┬ escodegen@1.11.1
41 silly idealTree │ ├── esprima@3.1.3
41 silly idealTree │ └── source-map@0.6.1
41 silly idealTree ├── esprima@4.0.1
41 silly idealTree ├── estraverse@4.2.0
41 silly idealTree ├── esutils@2.0.2
41 silly idealTree ├── etag@1.8.1
41 silly idealTree ├── event-loop-inspector@1.2.2
41 silly idealTree ├── eventemitter2@5.0.1
41 silly idealTree ├── execa@1.0.0
41 silly idealTree ├─┬ expand-brackets@2.1.4
41 silly idealTree │ ├── debug@2.6.9
41 silly idealTree │ ├── define-property@0.2.5
41 silly idealTree │ ├── extend-shallow@2.0.1
41 silly idealTree │ └── ms@2.0.0
41 silly idealTree ├── expand-tilde@2.0.2
41 silly idealTree ├── express-fileupload@1.1.4
41 silly idealTree ├── express-list-endpoints@4.0.0
41 silly idealTree ├─┬ express@4.16.4
41 silly idealTree │ ├── debug@2.6.9
41 silly idealTree │ ├── ms@2.0.0
41 silly idealTree │ └── statuses@1.4.0
41 silly idealTree ├─┬ extend-shallow@3.0.2
41 silly idealTree │ └── is-extendable@1.0.1
41 silly idealTree ├── extend@3.0.2
41 silly idealTree ├─┬ extglob@2.0.4
41 silly idealTree │ ├── define-property@1.0.0
41 silly idealTree │ ├── extend-shallow@2.0.1
41 silly idealTree │ ├── is-accessor-descriptor@1.0.0
41 silly idealTree │ ├── is-data-descriptor@1.0.0
41 silly idealTree │ └── is-descriptor@1.0.2
41 silly idealTree ├── fast-levenshtein@2.0.6
41 silly idealTree ├── fclone@1.0.11
41 silly idealTree ├── file-uri-to-path@1.0.0
41 silly idealTree ├─┬ fill-range@4.0.0
41 silly idealTree │ └── extend-shallow@2.0.1
41 silly idealTree ├─┬ finalhandler@1.1.1
41 silly idealTree │ ├── debug@2.6.9
41 silly idealTree │ ├── ms@2.0.0
41 silly idealTree │ └── statuses@1.4.0
41 silly idealTree ├── find-up@3.0.0
41 silly idealTree ├── findup-sync@2.0.0
41 silly idealTree ├─┬ flat@4.1.0
41 silly idealTree │ └── is-buffer@2.0.3
41 silly idealTree ├── follow-redirects@1.7.0
41 silly idealTree ├── for-in@1.0.2
41 silly idealTree ├── forwarded@0.1.2
41 silly idealTree ├── fragment-cache@0.2.1
41 silly idealTree ├── fresh@0.5.2
41 silly idealTree ├── fs.realpath@1.0.0
41 silly idealTree ├── ftp@0.3.10
41 silly idealTree ├── function-bind@1.1.1
41 silly idealTree ├── get-caller-file@1.0.3
41 silly idealTree ├── get-stream@4.1.0
41 silly idealTree ├─┬ get-uri@2.0.3
41 silly idealTree │ ├── debug@4.1.1
41 silly idealTree │ ├── readable-stream@3.3.0
41 silly idealTree │ └── string_decoder@1.2.0
41 silly idealTree ├── get-value@2.0.6
41 silly idealTree ├── git-node-fs@1.0.0
41 silly idealTree ├── git-sha1@0.1.2
41 silly idealTree ├── gkt@1.0.0
41 silly idealTree ├── glob-parent@3.1.0
41 silly idealTree ├── glob@7.1.3
41 silly idealTree ├── global-dirs@0.1.1
41 silly idealTree ├── global-modules@1.0.0
41 silly idealTree ├── global-prefix@1.0.2
41 silly idealTree ├─┬ got@6.7.1
41 silly idealTree │ └── get-stream@3.0.0
41 silly idealTree ├── graceful-fs@4.1.15
41 silly idealTree ├── growl@1.10.5
41 silly idealTree ├─┬ has-ansi@2.0.0
41 silly idealTree │ └── ansi-regex@2.1.1
41 silly idealTree ├─┬ has-binary2@1.0.3
41 silly idealTree │ └── isarray@2.0.1
41 silly idealTree ├── has-cors@1.1.0
41 silly idealTree ├── has-flag@3.0.0
41 silly idealTree ├── has-symbols@1.0.0
41 silly idealTree ├── has-value@1.0.0
41 silly idealTree ├─┬ has-values@1.0.0
41 silly idealTree │ └── kind-of@4.0.0
41 silly idealTree ├── has@1.0.3
41 silly idealTree ├── he@1.2.0
41 silly idealTree ├── homedir-polyfill@1.0.3
41 silly idealTree ├── html-entities@1.2.1
41 silly idealTree ├── http-cache-semantics@4.0.3
41 silly idealTree ├── http-errors@1.6.3
41 silly idealTree ├─┬ http-proxy-agent@2.1.0
41 silly idealTree │ ├── debug@3.1.0
41 silly idealTree │ └── ms@2.0.0
41 silly idealTree ├── http-status-codes@1.3.2
41 silly idealTree ├── https-proxy-agent@2.2.1
41 silly idealTree ├── iconv-lite@0.4.23
41 silly idealTree ├── ignore-by-default@1.0.1
41 silly idealTree ├── import-lazy@2.1.0
41 silly idealTree ├── imurmurhash@0.1.4
41 silly idealTree ├── indexof@0.0.1
41 silly idealTree ├── inflight@1.0.6
41 silly idealTree ├── inherits@2.0.3
41 silly idealTree ├── ini@1.3.5
41 silly idealTree ├── interpret@1.2.0
41 silly idealTree ├── invert-kv@2.0.0
41 silly idealTree ├── ip-regex@2.1.0
41 silly idealTree ├── ip@1.1.5
41 silly idealTree ├── ipaddr.js@1.8.0
41 silly idealTree ├─┬ is-accessor-descriptor@0.1.6
41 silly idealTree │ └── kind-of@3.2.2
41 silly idealTree ├── is-binary-path@1.0.1
41 silly idealTree ├── is-buffer@1.1.6
41 silly idealTree ├── is-callable@1.1.4
41 silly idealTree ├── is-ci@1.2.1
41 silly idealTree ├─┬ is-data-descriptor@0.1.4
41 silly idealTree │ └── kind-of@3.2.2
41 silly idealTree ├── is-date-format@0.1.1
41 silly idealTree ├── is-date-object@1.0.1
41 silly idealTree ├─┬ is-descriptor@0.1.6
41 silly idealTree │ └── kind-of@5.1.0
41 silly idealTree ├── is-extendable@0.1.1
41 silly idealTree ├── is-extglob@2.1.1
41 silly idealTree ├── is-fullwidth-code-point@2.0.0
41 silly idealTree ├── is-glob@3.1.0
41 silly idealTree ├── is-installed-globally@0.1.0
41 silly idealTree ├── is-ip@2.0.0
41 silly idealTree ├── is-npm@1.0.0
41 silly idealTree ├─┬ is-number@3.0.0
41 silly idealTree │ └── kind-of@3.2.2
41 silly idealTree ├── is-obj@1.0.1
41 silly idealTree ├── is-path-inside@1.0.1
41 silly idealTree ├── is-plain-object@2.0.4
41 silly idealTree ├── is-redirect@1.0.0
41 silly idealTree ├── is-regex@1.0.4
41 silly idealTree ├── is-retry-allowed@1.1.0
41 silly idealTree ├── is-stream@1.1.0
41 silly idealTree ├── is-symbol@1.0.2
41 silly idealTree ├── is-windows@1.0.2
41 silly idealTree ├── isarray@1.0.0
41 silly idealTree ├── isexe@2.0.0
41 silly idealTree ├── isobject@3.0.1
41 silly idealTree ├── js-git@0.7.8
41 silly idealTree ├── js-yaml@3.12.0
41 silly idealTree ├── json-buffer@3.0.0
41 silly idealTree ├── jsonwebtoken@8.5.1
41 silly idealTree ├── jwa@1.4.1
41 silly idealTree ├── jws@3.2.2
41 silly idealTree ├── keyv@3.1.0
41 silly idealTree ├── kind-of@6.0.2
41 silly idealTree ├── latest-version@3.1.0
41 silly idealTree ├── lazy@1.0.11
41 silly idealTree ├── lcid@2.0.0
41 silly idealTree ├── levn@0.3.0
41 silly idealTree ├── locate-path@3.0.0
41 silly idealTree ├── lodash.findindex@4.6.0
41 silly idealTree ├── lodash.foreach@4.5.0
41 silly idealTree ├── lodash.get@4.4.2
41 silly idealTree ├── lodash.includes@4.3.0
41 silly idealTree ├── lodash.isboolean@3.0.3
41 silly idealTree ├── lodash.isinteger@4.0.4
41 silly idealTree ├── lodash.isnumber@3.0.3
41 silly idealTree ├── lodash.isplainobject@4.0.6
41 silly idealTree ├── lodash.isstring@4.0.1
41 silly idealTree ├── lodash.last@3.0.0
41 silly idealTree ├── lodash.once@4.1.1
41 silly idealTree ├── lodash@4.17.11
41 silly idealTree ├── log-driver@1.2.7
41 silly idealTree ├── log-symbols@2.2.0
41 silly idealTree ├── lowercase-keys@1.0.1
41 silly idealTree ├── lru-cache@4.1.5
41 silly idealTree ├── make-dir@1.3.0
41 silly idealTree ├── map-age-cleaner@0.1.3
41 silly idealTree ├── map-cache@0.2.2
41 silly idealTree ├── map-visit@1.0.0
41 silly idealTree ├── media-typer@0.3.0
41 silly idealTree ├── mem@4.3.0
41 silly idealTree ├── merge-descriptors@1.0.1
41 silly idealTree ├── methods@1.1.2
41 silly idealTree ├── micromatch@3.1.10
41 silly idealTree ├── mime-db@1.38.0
41 silly idealTree ├── mime-types@2.1.22
41 silly idealTree ├── mime@1.4.1
41 silly idealTree ├── mimic-fn@2.1.0
41 silly idealTree ├── mimic-response@1.0.1
41 silly idealTree ├── minimatch@3.0.4
41 silly idealTree ├── minimist@0.0.8
41 silly idealTree ├─┬ mixin-deep@1.3.1
41 silly idealTree │ └── is-extendable@1.0.1
41 silly idealTree ├── mkdirp@0.5.1
41 silly idealTree ├── mocha@6.0.2
41 silly idealTree ├── module-details-from-path@1.0.3
41 silly idealTree ├── moment-timezone@0.5.23
41 silly idealTree ├── moment@2.24.0
41 silly idealTree ├── ms@2.1.1
41 silly idealTree ├── mute-stream@0.0.8
41 silly idealTree ├─┬ mysql@2.16.0
41 silly idealTree │ ├── readable-stream@2.3.6
41 silly idealTree │ └── string_decoder@1.1.1
41 silly idealTree ├── nanomatch@1.2.13
41 silly idealTree ├─┬ needle@2.2.4
41 silly idealTree │ ├── debug@2.6.9
41 silly idealTree │ └── ms@2.0.0
41 silly idealTree ├── negotiator@0.6.1
41 silly idealTree ├── netmask@1.0.6
41 silly idealTree ├── nice-try@1.0.5
41 silly idealTree ├── node-environment-flags@1.0.4
41 silly idealTree ├─┬ nodemon@1.18.10
41 silly idealTree │ └── supports-color@5.5.0
41 silly idealTree ├── nopt@1.0.10
41 silly idealTree ├── normalize-path@3.0.0
41 silly idealTree ├── normalize-url@3.3.0
41 silly idealTree ├── npm-run-path@2.0.2
41 silly idealTree ├─┬ nssocket@0.6.0
41 silly idealTree │ └── eventemitter2@0.4.14
41 silly idealTree ├── number-is-nan@1.0.1
41 silly idealTree ├── object-assign@4.1.1
41 silly idealTree ├── object-component@0.0.3
41 silly idealTree ├─┬ object-copy@0.1.0
41 silly idealTree │ ├── define-property@0.2.5
41 silly idealTree │ └── kind-of@3.2.2
41 silly idealTree ├── object-keys@1.1.0
41 silly idealTree ├── object-visit@1.0.1
41 silly idealTree ├── object.assign@4.1.0
41 silly idealTree ├── object.getownpropertydescriptors@2.0.3
41 silly idealTree ├── object.pick@1.3.0
41 silly idealTree ├── on-finished@2.3.0
41 silly idealTree ├── once@1.4.0
41 silly idealTree ├── optionator@0.8.2
41 silly idealTree ├── os-locale@3.1.0
41 silly idealTree ├── p-cancelable@1.1.0
41 silly idealTree ├── p-defer@1.0.0
41 silly idealTree ├── p-finally@1.0.0
41 silly idealTree ├── p-is-promise@2.0.0
41 silly idealTree ├── p-limit@2.2.0
41 silly idealTree ├── p-locate@3.0.0
41 silly idealTree ├── p-try@2.2.0
41 silly idealTree ├── pac-proxy-agent@3.0.0
41 silly idealTree ├── pac-resolver@3.0.0
41 silly idealTree ├── package-json@4.0.1
41 silly idealTree ├── pako@0.2.9
41 silly idealTree ├── parse-passwd@1.0.0
41 silly idealTree ├── parseqs@0.0.5
41 silly idealTree ├── parseuri@0.0.5
41 silly idealTree ├── parseurl@1.3.2
41 silly idealTree ├── pascalcase@0.1.1
41 silly idealTree ├── path-dirname@1.0.2
41 silly idealTree ├── path-exists@3.0.0
41 silly idealTree ├── path-is-absolute@1.0.1
41 silly idealTree ├── path-is-inside@1.0.2
41 silly idealTree ├── path-key@2.0.1
41 silly idealTree ├── path-parse@1.0.6
41 silly idealTree ├── path-to-regexp@0.1.7
41 silly idealTree ├── path@0.12.7
41 silly idealTree ├── pidusage@2.0.17
41 silly idealTree ├── pify@3.0.0
41 silly idealTree ├── pm2-axon-rpc@0.5.1
41 silly idealTree ├── pm2-axon@3.3.0
41 silly idealTree ├── pm2-deploy@0.4.0
41 silly idealTree ├── pm2-multimeter@0.1.2
41 silly idealTree ├─┬ pm2@3.5.0
41 silly idealTree │ └── sprintf-js@1.1.1
41 silly idealTree ├── posix-character-classes@0.1.1
41 silly idealTree ├── prelude-ls@1.1.2
41 silly idealTree ├── prepend-http@1.0.4
41 silly idealTree ├── process-nextick-args@2.0.0
41 silly idealTree ├── process@0.11.10
41 silly idealTree ├── promptly@2.2.0
41 silly idealTree ├── proxy-addr@2.0.4
41 silly idealTree ├── proxy-agent@3.1.0
41 silly idealTree ├── proxy-from-env@1.0.0
41 silly idealTree ├── pseudomap@1.0.2
41 silly idealTree ├── pstree.remy@1.1.6
41 silly idealTree ├─┬ public-ip@3.0.0
41 silly idealTree │ ├── got@9.6.0
41 silly idealTree │ ├── prepend-http@2.0.0
41 silly idealTree │ └── url-parse-lax@3.0.0
41 silly idealTree ├── pump@3.0.0
41 silly idealTree ├── qs@6.5.2
41 silly idealTree ├── randomstring@1.1.5
41 silly idealTree ├── range-parser@1.2.0
41 silly idealTree ├── raw-body@2.3.3
41 silly idealTree ├─┬ rc@1.2.8
41 silly idealTree │ └── minimist@1.2.0
41 silly idealTree ├── read-file@0.2.0
41 silly idealTree ├── read@1.0.7
41 silly idealTree ├─┬ readable-stream@1.1.14
41 silly idealTree │ └── isarray@0.0.1
41 silly idealTree ├─┬ readdirp@2.2.1
41 silly idealTree │ ├── readable-stream@2.3.6
41 silly idealTree │ └── string_decoder@1.1.1
41 silly idealTree ├── rechoir@0.6.2
41 silly idealTree ├── regex-not@1.0.2
41 silly idealTree ├── registry-auth-token@3.4.0
41 silly idealTree ├── registry-url@3.1.0
41 silly idealTree ├── remove-trailing-separator@1.1.0
41 silly idealTree ├── repeat-element@1.1.3
41 silly idealTree ├── repeat-string@1.6.1
41 silly idealTree ├── require-directory@2.1.1
41 silly idealTree ├── require-in-the-middle@3.0.0
41 silly idealTree ├── require-main-filename@1.0.1
41 silly idealTree ├── resolve-dir@1.0.1
41 silly idealTree ├── resolve-url@0.2.1
41 silly idealTree ├── resolve@1.10.0
41 silly idealTree ├── responselike@1.0.2
41 silly idealTree ├── ret@0.1.15
41 silly idealTree ├── safe-buffer@5.1.2
41 silly idealTree ├── safe-regex@1.1.0
41 silly idealTree ├── safer-buffer@2.1.2
41 silly idealTree ├── sax@1.2.4
41 silly idealTree ├── semver-diff@2.1.0
41 silly idealTree ├── semver@5.7.0
41 silly idealTree ├─┬ send@0.16.2
41 silly idealTree │ ├── debug@2.6.9
41 silly idealTree │ ├── ms@2.0.0
41 silly idealTree │ └── statuses@1.4.0
41 silly idealTree ├── serve-static@1.13.2
41 silly idealTree ├── set-blocking@2.0.0
41 silly idealTree ├─┬ set-value@2.0.0
41 silly idealTree │ └── extend-shallow@2.0.1
41 silly idealTree ├── setprototypeof@1.1.0
41 silly idealTree ├── sha1@1.1.1
41 silly idealTree ├── shebang-command@1.2.0
41 silly idealTree ├── shebang-regex@1.0.0
41 silly idealTree ├── shelljs@0.8.3
41 silly idealTree ├── shimmer@1.2.1
41 silly idealTree ├── signal-exit@3.0.2
41 silly idealTree ├── smart-buffer@4.0.2
41 silly idealTree ├─┬ snapdragon-node@2.1.1
41 silly idealTree │ ├── define-property@1.0.0
41 silly idealTree │ ├── is-accessor-descriptor@1.0.0
41 silly idealTree │ ├── is-data-descriptor@1.0.0
41 silly idealTree │ └── is-descriptor@1.0.2
41 silly idealTree ├─┬ snapdragon-util@3.0.1
41 silly idealTree │ └── kind-of@3.2.2
41 silly idealTree ├─┬ snapdragon@0.8.2
41 silly idealTree │ ├── debug@2.6.9
41 silly idealTree │ ├── define-property@0.2.5
41 silly idealTree │ ├── extend-shallow@2.0.1
41 silly idealTree │ └── ms@2.0.0
41 silly idealTree ├── socket.io-adapter@1.1.1
41 silly idealTree ├─┬ socket.io-client@2.2.0
41 silly idealTree │ ├── debug@3.1.0
41 silly idealTree │ └── ms@2.0.0
41 silly idealTree ├─┬ socket.io-parser@3.3.0
41 silly idealTree │ ├── debug@3.1.0
41 silly idealTree │ ├── isarray@2.0.1
41 silly idealTree │ └── ms@2.0.0
41 silly idealTree ├─┬ socket.io@2.2.0
41 silly idealTree │ └── debug@4.1.1
41 silly idealTree ├── socks-proxy-agent@4.0.2
41 silly idealTree ├── socks@2.3.2
41 silly idealTree ├── source-map-resolve@0.5.2
41 silly idealTree ├─┬ source-map-support@0.5.11
41 silly idealTree │ └── source-map@0.6.1
41 silly idealTree ├── source-map-url@0.4.0
41 silly idealTree ├── source-map@0.5.7
41 silly idealTree ├── split-string@3.1.0
41 silly idealTree ├── sprintf-js@1.0.3
41 silly idealTree ├── sqlstring@2.3.1
41 silly idealTree ├─┬ static-extend@0.1.2
41 silly idealTree │ └── define-property@0.2.5
41 silly idealTree ├── statuses@1.5.0
41 silly idealTree ├── streamsearch@0.1.2
41 silly idealTree ├── string_decoder@0.10.31
41 silly idealTree ├── string-width@2.1.1
41 silly idealTree ├── strip-ansi@4.0.0
41 silly idealTree ├── strip-eof@1.0.0
41 silly idealTree ├── strip-json-comments@2.0.1
41 silly idealTree ├── supports-color@6.0.0
41 silly idealTree ├─┬ term-size@1.2.0
41 silly idealTree │ ├── cross-spawn@5.1.0
41 silly idealTree │ ├── execa@0.7.0
41 silly idealTree │ └── get-stream@3.0.0
41 silly idealTree ├── thunkify@2.1.2
41 silly idealTree ├── timed-out@4.0.1
41 silly idealTree ├── to-array@0.1.4
41 silly idealTree ├─┬ to-object-path@0.3.0
41 silly idealTree │ └── kind-of@3.2.2
41 silly idealTree ├── to-readable-stream@1.0.0
41 silly idealTree ├── to-regex-range@2.1.1
41 silly idealTree ├── to-regex@3.0.2
41 silly idealTree ├── touch@3.1.0
41 silly idealTree ├── tslib@1.9.3
41 silly idealTree ├── tv4@1.3.0
41 silly idealTree ├── type-check@0.3.2
41 silly idealTree ├── type-is@1.6.16
41 silly idealTree ├── ultron@1.1.1
41 silly idealTree ├─┬ undefsafe@2.0.2
41 silly idealTree │ ├── debug@2.6.9
41 silly idealTree │ └── ms@2.0.0
41 silly idealTree ├─┬ union-value@1.0.0
41 silly idealTree │ ├── extend-shallow@2.0.1
41 silly idealTree │ └── set-value@0.4.3
41 silly idealTree ├── unique-string@1.0.0
41 silly idealTree ├── unpipe@1.0.0
41 silly idealTree ├─┬ unset-value@1.0.0
41 silly idealTree │ ├─┬ has-value@0.3.1
41 silly idealTree │ │ └── isobject@2.1.0
41 silly idealTree │ └── has-values@0.1.4
41 silly idealTree ├── unzip-response@2.0.1
41 silly idealTree ├── upath@1.1.2
41 silly idealTree ├── update-notifier@2.5.0
41 silly idealTree ├── urix@0.1.0
41 silly idealTree ├── url-parse-lax@1.0.0
41 silly idealTree ├── use@3.1.1
41 silly idealTree ├── util-deprecate@1.0.2
41 silly idealTree ├── util@0.10.4
41 silly idealTree ├── utils-merge@1.0.1
41 silly idealTree ├── uuid@3.3.2
41 silly idealTree ├── v8-compile-cache@2.0.2
41 silly idealTree ├── vary@1.1.2
41 silly idealTree ├─┬ vizion@2.0.2
41 silly idealTree │ └── async@2.6.1
41 silly idealTree ├── which-module@2.0.0
41 silly idealTree ├── which@1.3.1
41 silly idealTree ├── wide-align@1.1.3
41 silly idealTree ├── widest-line@2.0.1
41 silly idealTree ├── wordwrap@1.0.0
41 silly idealTree ├─┬ wrap-ansi@2.1.0
41 silly idealTree │ ├── ansi-regex@2.1.1
41 silly idealTree │ ├── is-fullwidth-code-point@1.0.0
41 silly idealTree │ ├── string-width@1.0.2
41 silly idealTree │ └── strip-ansi@3.0.1
41 silly idealTree ├── wrappy@1.0.2
41 silly idealTree ├── write-file-atomic@2.4.2
41 silly idealTree ├── ws@5.2.2
41 silly idealTree ├── xdg-basedir@3.0.0
41 silly idealTree ├── xmlhttprequest-ssl@1.5.5
41 silly idealTree ├── xregexp@2.0.0
41 silly idealTree ├── y18n@4.0.0
41 silly idealTree ├── yallist@2.1.2
41 silly idealTree ├── yamljs@0.3.0
41 silly idealTree ├── yargs-parser@11.1.1
41 silly idealTree ├── yargs-unparser@1.5.0
41 silly idealTree ├── yargs@12.0.5
41 silly idealTree └── yeast@0.1.2
42 silly generateActionsToTake Starting
43 silly install generateActionsToTake
44 silly generateActionsToTake Finishing
45 silly diffTrees action count 0
46 silly decomposeActions action count 0
47 silly executeActions Starting
48 silly install executeActions
49 silly doSerial global-install 0
50 silly doParallel fetch 0
51 verbose lock using /home/thomas/.npm/_locks/staging-905d2bf1f76a0e60.lock for /home/thomas/PycharmProjects/Badgeuse_Intelligente/node_modules/.staging
52 verbose unlock done using /home/thomas/.npm/_locks/staging-905d2bf1f76a0e60.lock for /home/thomas/PycharmProjects/Badgeuse_Intelligente/node_modules/.staging
53 silly rollbackFailedOptional Starting
54 silly rollbackFailedOptional Finishing
55 silly runTopLevelLifecycles Starting
56 silly runTopLevelLifecycles Finishing
57 silly install printInstalled
58 warn optional Skipping failed optional dependency /chokidar/fsevents:
59 warn notsup Not compatible with your operating system or architecture: fsevents@1.2.7
60 warn Badgeuse-intelligente@0.1.0 No repository field.
61 warn Badgeuse-intelligente@0.1.0 license should be a valid SPDX license expression
62 verbose stack Error: EACCES: permission denied, mkdir '/home/thomas/PycharmProjects/Badgeuse_Intelligente/node_modules/.staging'
63 verbose cwd /home/thomas/PycharmProjects/Badgeuse_Intelligente/server/routes/middlewares/guest
64 error Linux 4.15.0-47-generic
65 error argv "/usr/bin/node" "/usr/bin/npm" "install"
66 error node v8.10.0
67 error npm  v3.5.2
68 error path /home/thomas/PycharmProjects/Badgeuse_Intelligente/node_modules/.staging
69 error code EACCES
70 error errno -13
71 error syscall mkdir
72 error Error: EACCES: permission denied, mkdir '/home/thomas/PycharmProjects/Badgeuse_Intelligente/node_modules/.staging'
72 error  { Error: EACCES: permission denied, mkdir '/home/thomas/PycharmProjects/Badgeuse_Intelligente/node_modules/.staging'
72 error   errno: -13,
72 error   code: 'EACCES',
72 error   syscall: 'mkdir',
72 error   path: '/home/thomas/PycharmProjects/Badgeuse_Intelligente/node_modules/.staging' }
73 error Please try running this command again as root/Administrator.
74 verbose exit [ -13, true ]
